19-Dec-2018 11:45:18.691 信息 [main] org.apache.catalina.startup.VersionLoggerListener.log Server version:        Apache Tomcat/8.5.24
19-Dec-2018 11:45:18.697 信息 [main] org.apache.catalina.startup.VersionLoggerListener.log Server built:          Nov 27 2017 13:05:30 UTC
19-Dec-2018 11:45:18.698 信息 [main] org.apache.catalina.startup.VersionLoggerListener.log Server number:         8.5.24.0
19-Dec-2018 11:45:18.698 信息 [main] org.apache.catalina.startup.VersionLoggerListener.log OS Name:               Windows 10
19-Dec-2018 11:45:18.698 信息 [main] org.apache.catalina.startup.VersionLoggerListener.log OS Version:            10.0
19-Dec-2018 11:45:18.698 信息 [main] org.apache.catalina.startup.VersionLoggerListener.log Architecture:          amd64
19-Dec-2018 11:45:18.698 信息 [main] org.apache.catalina.startup.VersionLoggerListener.log Java Home:             C:\Program Files\Java\jdk1.8.0_162\jre
19-Dec-2018 11:45:18.699 信息 [main] org.apache.catalina.startup.VersionLoggerListener.log JVM Version:           1.8.0_162-b12
19-Dec-2018 11:45:18.699 信息 [main] org.apache.catalina.startup.VersionLoggerListener.log JVM Vendor:            Oracle Corporation
19-Dec-2018 11:45:18.703 信息 [main] org.apache.catalina.startup.VersionLoggerListener.log CATALINA_BASE:         D:\work\libs\apache-tomcat-8.5.24
19-Dec-2018 11:45:18.703 信息 [main] org.apache.catalina.startup.VersionLoggerListener.log CATALINA_HOME:         D:\work\libs\apache-tomcat-8.5.24
19-Dec-2018 11:45:18.704 信息 [main] org.apache.catalina.startup.VersionLoggerListener.log Command line argument: -Djava.util.logging.config.file=D:\work\libs\apache-tomcat-8.5.24\conf\logging.properties
19-Dec-2018 11:45:18.704 信息 [main] org.apache.catalina.startup.VersionLoggerListener.log Command line argument: -Djava.util.logging.manager=org.apache.juli.ClassLoaderLogManager
19-Dec-2018 11:45:18.704 信息 [main] org.apache.catalina.startup.VersionLoggerListener.log Command line argument: -Djdk.tls.ephemeralDHKeySize=2048
19-Dec-2018 11:45:18.704 信息 [main] org.apache.catalina.startup.VersionLoggerListener.log Command line argument: -Djava.protocol.handler.pkgs=org.apache.catalina.webresources
19-Dec-2018 11:45:18.704 信息 [main] org.apache.catalina.startup.VersionLoggerListener.log Command line argument: -Dignore.endorsed.dirs=
19-Dec-2018 11:45:18.705 信息 [main] org.apache.catalina.startup.VersionLoggerListener.log Command line argument: -Dcatalina.base=D:\work\libs\apache-tomcat-8.5.24
19-Dec-2018 11:45:18.705 信息 [main] org.apache.catalina.startup.VersionLoggerListener.log Command line argument: -Dcatalina.home=D:\work\libs\apache-tomcat-8.5.24
19-Dec-2018 11:45:18.706 信息 [main] org.apache.catalina.startup.VersionLoggerListener.log Command line argument: -Djava.io.tmpdir=D:\work\libs\apache-tomcat-8.5.24\temp
19-Dec-2018 11:45:18.706 信息 [main] org.apache.catalina.core.AprLifecycleListener.lifecycleEvent Loaded APR based Apache Tomcat Native library [1.2.16] using APR version [1.6.3].
19-Dec-2018 11:45:18.707 信息 [main] org.apache.catalina.core.AprLifecycleListener.lifecycleEvent APR capabilities: IPv6 [true], sendfile [true], accept filters [false], random [true].
19-Dec-2018 11:45:18.712 信息 [main] org.apache.catalina.core.AprLifecycleListener.lifecycleEvent APR/OpenSSL configuration: useAprConnector [false], useOpenSSL [true]
19-Dec-2018 11:45:19.382 信息 [main] org.apache.catalina.core.AprLifecycleListener.initializeSSL OpenSSL successfully initialized [OpenSSL 1.0.2m  2 Nov 2017]
19-Dec-2018 11:45:19.597 信息 [main] org.apache.coyote.AbstractProtocol.init Initializing ProtocolHandler ["http-nio-8080"]
19-Dec-2018 11:45:19.933 信息 [main] org.apache.tomcat.util.net.NioSelectorPool.getSharedSelector Using a shared selector for servlet write/read
19-Dec-2018 11:45:19.944 信息 [main] org.apache.coyote.AbstractProtocol.init Initializing ProtocolHandler ["ajp-nio-8009"]
19-Dec-2018 11:45:19.949 信息 [main] org.apache.tomcat.util.net.NioSelectorPool.getSharedSelector Using a shared selector for servlet write/read
19-Dec-2018 11:45:19.950 信息 [main] org.apache.catalina.startup.Catalina.load Initialization processed in 1698 ms
19-Dec-2018 11:45:19.981 信息 [main] org.apache.catalina.core.StandardService.startInternal Starting service [Catalina]
19-Dec-2018 11:45:19.982 信息 [main] org.apache.catalina.core.StandardEngine.startInternal Starting Servlet Engine: Apache Tomcat/8.5.24
19-Dec-2018 11:45:19.993 信息 [localhost-startStop-1] org.apache.catalina.startup.HostConfig.deployDirectory Deploying web application directory [D:\work\libs\apache-tomcat-8.5.24\webapps\bos]
19-Dec-2018 11:45:21.422 信息 [localhost-startStop-1] org.apache.jasper.servlet.TldScanner.scanJars At least one JAR was scanned for TLDs yet contained no TLDs. Enable debug logging for this logger for a complete list of JARs that were scanned but no TLDs were found in them. Skipping unneeded JARs during scanning can improve startup time and JSP compilation time.
19-Dec-2018 11:45:21.461 信息 [localhost-startStop-1] org.apache.catalina.startup.HostConfig.deployDirectory Deployment of web application directory [D:\work\libs\apache-tomcat-8.5.24\webapps\bos] has finished in [1,467] ms
19-Dec-2018 11:45:21.461 信息 [localhost-startStop-1] org.apache.catalina.startup.HostConfig.deployDirectory Deploying web application directory [D:\work\libs\apache-tomcat-8.5.24\webapps\docs]
19-Dec-2018 11:45:21.480 信息 [localhost-startStop-1] org.apache.catalina.startup.HostConfig.deployDirectory Deployment of web application directory [D:\work\libs\apache-tomcat-8.5.24\webapps\docs] has finished in [19] ms
19-Dec-2018 11:45:21.480 信息 [localhost-startStop-1] org.apache.catalina.startup.HostConfig.deployDirectory Deploying web application directory [D:\work\libs\apache-tomcat-8.5.24\webapps\exam]
19-Dec-2018 11:45:25.243 信息 [localhost-startStop-1] org.apache.jasper.servlet.TldScanner.scanJars At least one JAR was scanned for TLDs yet contained no TLDs. Enable debug logging for this logger for a complete list of JARs that were scanned but no TLDs were found in them. Skipping unneeded JARs during scanning can improve startup time and JSP compilation time.
19-Dec-2018 11:45:32.417 信息 [localhost-startStop-1] org.apache.catalina.startup.HostConfig.deployDirectory Deployment of web application directory [D:\work\libs\apache-tomcat-8.5.24\webapps\exam] has finished in [10,937] ms
19-Dec-2018 11:45:32.417 信息 [localhost-startStop-1] org.apache.catalina.startup.HostConfig.deployDirectory Deploying web application directory [D:\work\libs\apache-tomcat-8.5.24\webapps\examples]
19-Dec-2018 11:45:32.678 信息 [localhost-startStop-1] org.apache.catalina.startup.HostConfig.deployDirectory Deployment of web application directory [D:\work\libs\apache-tomcat-8.5.24\webapps\examples] has finished in [261] ms
19-Dec-2018 11:45:32.678 信息 [localhost-startStop-1] org.apache.catalina.startup.HostConfig.deployDirectory Deploying web application directory [D:\work\libs\apache-tomcat-8.5.24\webapps\host-manager]
19-Dec-2018 11:45:32.710 信息 [localhost-startStop-1] org.apache.catalina.startup.HostConfig.deployDirectory Deployment of web application directory [D:\work\libs\apache-tomcat-8.5.24\webapps\host-manager] has finished in [32] ms
19-Dec-2018 11:45:32.711 信息 [localhost-startStop-1] org.apache.catalina.startup.HostConfig.deployDirectory Deploying web application directory [D:\work\libs\apache-tomcat-8.5.24\webapps\manager]
19-Dec-2018 11:45:32.734 信息 [localhost-startStop-1] org.apache.catalina.startup.HostConfig.deployDirectory Deployment of web application directory [D:\work\libs\apache-tomcat-8.5.24\webapps\manager] has finished in [23] ms
19-Dec-2018 11:45:32.734 信息 [localhost-startStop-1] org.apache.catalina.startup.HostConfig.deployDirectory Deploying web application directory [D:\work\libs\apache-tomcat-8.5.24\webapps\ROOT]
19-Dec-2018 11:45:33.694 信息 [localhost-startStop-1] org.apache.jasper.servlet.TldScanner.scanJars At least one JAR was scanned for TLDs yet contained no TLDs. Enable debug logging for this logger for a complete list of JARs that were scanned but no TLDs were found in them. Skipping unneeded JARs during scanning can improve startup time and JSP compilation time.
19-Dec-2018 11:45:33.698 信息 [localhost-startStop-1] org.apache.catalina.startup.HostConfig.deployDirectory Deployment of web application directory [D:\work\libs\apache-tomcat-8.5.24\webapps\ROOT] has finished in [964] ms
19-Dec-2018 11:45:33.704 信息 [main] org.apache.coyote.AbstractProtocol.start Starting ProtocolHandler ["http-nio-8080"]
19-Dec-2018 11:45:33.716 信息 [main] org.apache.coyote.AbstractProtocol.start Starting ProtocolHandler ["ajp-nio-8009"]
19-Dec-2018 11:45:33.723 信息 [main] org.apache.catalina.startup.Catalina.start Server startup in 13772 ms
19-Dec-2018 14:28:22.582 信息 [main] org.apache.catalina.startup.VersionLoggerListener.log Server version:        Apache Tomcat/8.5.24
19-Dec-2018 14:28:22.586 信息 [main] org.apache.catalina.startup.VersionLoggerListener.log Server built:          Nov 27 2017 13:05:30 UTC
19-Dec-2018 14:28:22.586 信息 [main] org.apache.catalina.startup.VersionLoggerListener.log Server number:         8.5.24.0
19-Dec-2018 14:28:22.586 信息 [main] org.apache.catalina.startup.VersionLoggerListener.log OS Name:               Windows 10
19-Dec-2018 14:28:22.586 信息 [main] org.apache.catalina.startup.VersionLoggerListener.log OS Version:            10.0
19-Dec-2018 14:28:22.586 信息 [main] org.apache.catalina.startup.VersionLoggerListener.log Architecture:          amd64
19-Dec-2018 14:28:22.586 信息 [main] org.apache.catalina.startup.VersionLoggerListener.log Java Home:             C:\Program Files\Java\jdk1.8.0_162\jre
19-Dec-2018 14:28:22.587 信息 [main] org.apache.catalina.startup.VersionLoggerListener.log JVM Version:           1.8.0_162-b12
19-Dec-2018 14:28:22.587 信息 [main] org.apache.catalina.startup.VersionLoggerListener.log JVM Vendor:            Oracle Corporation
19-Dec-2018 14:28:22.591 信息 [main] org.apache.catalina.startup.VersionLoggerListener.log CATALINA_BASE:         D:\work\libs\apache-tomcat-8.5.24
19-Dec-2018 14:28:22.591 信息 [main] org.apache.catalina.startup.VersionLoggerListener.log CATALINA_HOME:         D:\work\libs\apache-tomcat-8.5.24
19-Dec-2018 14:28:22.592 信息 [main] org.apache.catalina.startup.VersionLoggerListener.log Command line argument: -Djava.util.logging.config.file=D:\work\libs\apache-tomcat-8.5.24\conf\logging.properties
19-Dec-2018 14:28:22.592 信息 [main] org.apache.catalina.startup.VersionLoggerListener.log Command line argument: -Djava.util.logging.manager=org.apache.juli.ClassLoaderLogManager
19-Dec-2018 14:28:22.592 信息 [main] org.apache.catalina.startup.VersionLoggerListener.log Command line argument: -Djdk.tls.ephemeralDHKeySize=2048
19-Dec-2018 14:28:22.592 信息 [main] org.apache.catalina.startup.VersionLoggerListener.log Command line argument: -Djava.protocol.handler.pkgs=org.apache.catalina.webresources
19-Dec-2018 14:28:22.592 信息 [main] org.apache.catalina.startup.VersionLoggerListener.log Command line argument: -Dignore.endorsed.dirs=
19-Dec-2018 14:28:22.593 信息 [main] org.apache.catalina.startup.VersionLoggerListener.log Command line argument: -Dcatalina.base=D:\work\libs\apache-tomcat-8.5.24
19-Dec-2018 14:28:22.593 信息 [main] org.apache.catalina.startup.VersionLoggerListener.log Command line argument: -Dcatalina.home=D:\work\libs\apache-tomcat-8.5.24
19-Dec-2018 14:28:22.594 信息 [main] org.apache.catalina.startup.VersionLoggerListener.log Command line argument: -Djava.io.tmpdir=D:\work\libs\apache-tomcat-8.5.24\temp
19-Dec-2018 14:28:22.594 信息 [main] org.apache.catalina.core.AprLifecycleListener.lifecycleEvent Loaded APR based Apache Tomcat Native library [1.2.16] using APR version [1.6.3].
19-Dec-2018 14:28:22.598 信息 [main] org.apache.catalina.core.AprLifecycleListener.lifecycleEvent APR capabilities: IPv6 [true], sendfile [true], accept filters [false], random [true].
19-Dec-2018 14:28:22.601 信息 [main] org.apache.catalina.core.AprLifecycleListener.lifecycleEvent APR/OpenSSL configuration: useAprConnector [false], useOpenSSL [true]
19-Dec-2018 14:28:23.357 信息 [main] org.apache.catalina.core.AprLifecycleListener.initializeSSL OpenSSL successfully initialized [OpenSSL 1.0.2m  2 Nov 2017]
19-Dec-2018 14:28:23.489 信息 [main] org.apache.coyote.AbstractProtocol.init Initializing ProtocolHandler ["http-nio-8080"]
19-Dec-2018 14:28:23.813 信息 [main] org.apache.tomcat.util.net.NioSelectorPool.getSharedSelector Using a shared selector for servlet write/read
19-Dec-2018 14:28:23.820 信息 [main] org.apache.coyote.AbstractProtocol.init Initializing ProtocolHandler ["ajp-nio-8009"]
19-Dec-2018 14:28:23.825 信息 [main] org.apache.tomcat.util.net.NioSelectorPool.getSharedSelector Using a shared selector for servlet write/read
19-Dec-2018 14:28:23.826 信息 [main] org.apache.catalina.startup.Catalina.load Initialization processed in 1638 ms
19-Dec-2018 14:28:23.852 信息 [main] org.apache.catalina.core.StandardService.startInternal Starting service [Catalina]
19-Dec-2018 14:28:23.852 信息 [main] org.apache.catalina.core.StandardEngine.startInternal Starting Servlet Engine: Apache Tomcat/8.5.24
19-Dec-2018 14:28:23.862 信息 [localhost-startStop-1] org.apache.catalina.startup.HostConfig.deployDirectory Deploying web application directory [D:\work\libs\apache-tomcat-8.5.24\webapps\bos]
19-Dec-2018 14:28:25.331 信息 [localhost-startStop-1] org.apache.jasper.servlet.TldScanner.scanJars At least one JAR was scanned for TLDs yet contained no TLDs. Enable debug logging for this logger for a complete list of JARs that were scanned but no TLDs were found in them. Skipping unneeded JARs during scanning can improve startup time and JSP compilation time.
19-Dec-2018 14:28:25.369 信息 [localhost-startStop-1] org.apache.catalina.startup.HostConfig.deployDirectory Deployment of web application directory [D:\work\libs\apache-tomcat-8.5.24\webapps\bos] has finished in [1,507] ms
19-Dec-2018 14:28:25.370 信息 [localhost-startStop-1] org.apache.catalina.startup.HostConfig.deployDirectory Deploying web application directory [D:\work\libs\apache-tomcat-8.5.24\webapps\docs]
19-Dec-2018 14:28:25.390 信息 [localhost-startStop-1] org.apache.catalina.startup.HostConfig.deployDirectory Deployment of web application directory [D:\work\libs\apache-tomcat-8.5.24\webapps\docs] has finished in [20] ms
19-Dec-2018 14:28:25.390 信息 [localhost-startStop-1] org.apache.catalina.startup.HostConfig.deployDirectory Deploying web application directory [D:\work\libs\apache-tomcat-8.5.24\webapps\exam]
19-Dec-2018 14:28:29.255 信息 [localhost-startStop-1] org.apache.jasper.servlet.TldScanner.scanJars At least one JAR was scanned for TLDs yet contained no TLDs. Enable debug logging for this logger for a complete list of JARs that were scanned but no TLDs were found in them. Skipping unneeded JARs during scanning can improve startup time and JSP compilation time.
19-Dec-2018 14:28:37.272 信息 [localhost-startStop-1] org.apache.catalina.startup.HostConfig.deployDirectory Deployment of web application directory [D:\work\libs\apache-tomcat-8.5.24\webapps\exam] has finished in [11,882] ms
19-Dec-2018 14:28:37.272 信息 [localhost-startStop-1] org.apache.catalina.startup.HostConfig.deployDirectory Deploying web application directory [D:\work\libs\apache-tomcat-8.5.24\webapps\examples]
19-Dec-2018 14:28:37.535 信息 [localhost-startStop-1] org.apache.catalina.startup.HostConfig.deployDirectory Deployment of web application directory [D:\work\libs\apache-tomcat-8.5.24\webapps\examples] has finished in [262] ms
19-Dec-2018 14:28:37.535 信息 [localhost-startStop-1] org.apache.catalina.startup.HostConfig.deployDirectory Deploying web application directory [D:\work\libs\apache-tomcat-8.5.24\webapps\host-manager]
19-Dec-2018 14:28:37.564 信息 [localhost-startStop-1] org.apache.catalina.startup.HostConfig.deployDirectory Deployment of web application directory [D:\work\libs\apache-tomcat-8.5.24\webapps\host-manager] has finished in [29] ms
19-Dec-2018 14:28:37.564 信息 [localhost-startStop-1] org.apache.catalina.startup.HostConfig.deployDirectory Deploying web application directory [D:\work\libs\apache-tomcat-8.5.24\webapps\manager]
19-Dec-2018 14:28:37.588 信息 [localhost-startStop-1] org.apache.catalina.startup.HostConfig.deployDirectory Deployment of web application directory [D:\work\libs\apache-tomcat-8.5.24\webapps\manager] has finished in [24] ms
19-Dec-2018 14:28:37.588 信息 [localhost-startStop-1] org.apache.catalina.startup.HostConfig.deployDirectory Deploying web application directory [D:\work\libs\apache-tomcat-8.5.24\webapps\ROOT]
19-Dec-2018 14:28:37.607 信息 [localhost-startStop-1] org.apache.catalina.startup.HostConfig.deployDirectory Deployment of web application directory [D:\work\libs\apache-tomcat-8.5.24\webapps\ROOT] has finished in [19] ms
19-Dec-2018 14:28:37.611 信息 [main] org.apache.coyote.AbstractProtocol.start Starting ProtocolHandler ["http-nio-8080"]
19-Dec-2018 14:28:37.626 信息 [main] org.apache.coyote.AbstractProtocol.start Starting ProtocolHandler ["ajp-nio-8009"]
19-Dec-2018 14:28:37.634 信息 [main] org.apache.catalina.startup.Catalina.start Server startup in 13807 ms
19-Dec-2018 14:29:37.706 信息 [localhost-startStop-2] org.apache.catalina.startup.HostConfig.deployWAR Deploying web application archive [D:\work\libs\apache-tomcat-8.5.24\webapps\dubbo-admin-2.5.4.war]
19-Dec-2018 14:29:43.767 信息 [localhost-startStop-2] org.apache.jasper.servlet.TldScanner.scanJars At least one JAR was scanned for TLDs yet contained no TLDs. Enable debug logging for this logger for a complete list of JARs that were scanned but no TLDs were found in them. Skipping unneeded JARs during scanning can improve startup time and JSP compilation time.
19-Dec-2018 14:29:53.379 严重 [localhost-startStop-2] org.apache.catalina.core.StandardContext.startInternal One or more listeners failed to start. Full details will be found in the appropriate container log file
19-Dec-2018 14:29:53.379 严重 [localhost-startStop-2] org.apache.catalina.core.StandardContext.startInternal Context [/dubbo-admin-2.5.4] startup failed due to previous errors
19-Dec-2018 14:29:53.432 信息 [localhost-startStop-2] org.apache.catalina.startup.HostConfig.deployWAR Deployment of web application archive [D:\work\libs\apache-tomcat-8.5.24\webapps\dubbo-admin-2.5.4.war] has finished in [15,726] ms
19-Dec-2018 14:31:06.018 信息 [main] org.apache.catalina.startup.VersionLoggerListener.log Server version:        Apache Tomcat/8.5.24
19-Dec-2018 14:31:06.023 信息 [main] org.apache.catalina.startup.VersionLoggerListener.log Server built:          Nov 27 2017 13:05:30 UTC
19-Dec-2018 14:31:06.023 信息 [main] org.apache.catalina.startup.VersionLoggerListener.log Server number:         8.5.24.0
19-Dec-2018 14:31:06.023 信息 [main] org.apache.catalina.startup.VersionLoggerListener.log OS Name:               Windows 10
19-Dec-2018 14:31:06.023 信息 [main] org.apache.catalina.startup.VersionLoggerListener.log OS Version:            10.0
19-Dec-2018 14:31:06.024 信息 [main] org.apache.catalina.startup.VersionLoggerListener.log Architecture:          amd64
19-Dec-2018 14:31:06.024 信息 [main] org.apache.catalina.startup.VersionLoggerListener.log Java Home:             C:\Program Files\Java\jdk1.8.0_162\jre
19-Dec-2018 14:31:06.024 信息 [main] org.apache.catalina.startup.VersionLoggerListener.log JVM Version:           1.8.0_162-b12
19-Dec-2018 14:31:06.024 信息 [main] org.apache.catalina.startup.VersionLoggerListener.log JVM Vendor:            Oracle Corporation
19-Dec-2018 14:31:06.028 信息 [main] org.apache.catalina.startup.VersionLoggerListener.log CATALINA_BASE:         D:\work\libs\apache-tomcat-8.5.24
19-Dec-2018 14:31:06.029 信息 [main] org.apache.catalina.startup.VersionLoggerListener.log CATALINA_HOME:         D:\work\libs\apache-tomcat-8.5.24
19-Dec-2018 14:31:06.029 信息 [main] org.apache.catalina.startup.VersionLoggerListener.log Command line argument: -Djava.util.logging.config.file=D:\work\libs\apache-tomcat-8.5.24\conf\logging.properties
19-Dec-2018 14:31:06.029 信息 [main] org.apache.catalina.startup.VersionLoggerListener.log Command line argument: -Djava.util.logging.manager=org.apache.juli.ClassLoaderLogManager
19-Dec-2018 14:31:06.029 信息 [main] org.apache.catalina.startup.VersionLoggerListener.log Command line argument: -Djdk.tls.ephemeralDHKeySize=2048
19-Dec-2018 14:31:06.030 信息 [main] org.apache.catalina.startup.VersionLoggerListener.log Command line argument: -Djava.protocol.handler.pkgs=org.apache.catalina.webresources
19-Dec-2018 14:31:06.030 信息 [main] org.apache.catalina.startup.VersionLoggerListener.log Command line argument: -Dignore.endorsed.dirs=
19-Dec-2018 14:31:06.030 信息 [main] org.apache.catalina.startup.VersionLoggerListener.log Command line argument: -Dcatalina.base=D:\work\libs\apache-tomcat-8.5.24
19-Dec-2018 14:31:06.030 信息 [main] org.apache.catalina.startup.VersionLoggerListener.log Command line argument: -Dcatalina.home=D:\work\libs\apache-tomcat-8.5.24
19-Dec-2018 14:31:06.031 信息 [main] org.apache.catalina.startup.VersionLoggerListener.log Command line argument: -Djava.io.tmpdir=D:\work\libs\apache-tomcat-8.5.24\temp
19-Dec-2018 14:31:06.032 信息 [main] org.apache.catalina.core.AprLifecycleListener.lifecycleEvent Loaded APR based Apache Tomcat Native library [1.2.16] using APR version [1.6.3].
19-Dec-2018 14:31:06.035 信息 [main] org.apache.catalina.core.AprLifecycleListener.lifecycleEvent APR capabilities: IPv6 [true], sendfile [true], accept filters [false], random [true].
19-Dec-2018 14:31:06.038 信息 [main] org.apache.catalina.core.AprLifecycleListener.lifecycleEvent APR/OpenSSL configuration: useAprConnector [false], useOpenSSL [true]
19-Dec-2018 14:31:06.747 信息 [main] org.apache.catalina.core.AprLifecycleListener.initializeSSL OpenSSL successfully initialized [OpenSSL 1.0.2m  2 Nov 2017]
19-Dec-2018 14:31:06.874 信息 [main] org.apache.coyote.AbstractProtocol.init Initializing ProtocolHandler ["http-nio-8080"]
19-Dec-2018 14:31:07.206 信息 [main] org.apache.tomcat.util.net.NioSelectorPool.getSharedSelector Using a shared selector for servlet write/read
19-Dec-2018 14:31:07.212 信息 [main] org.apache.coyote.AbstractProtocol.init Initializing ProtocolHandler ["ajp-nio-8009"]
19-Dec-2018 14:31:07.218 信息 [main] org.apache.tomcat.util.net.NioSelectorPool.getSharedSelector Using a shared selector for servlet write/read
19-Dec-2018 14:31:07.219 信息 [main] org.apache.catalina.startup.Catalina.load Initialization processed in 1557 ms
19-Dec-2018 14:31:07.242 信息 [main] org.apache.catalina.core.StandardService.startInternal Starting service [Catalina]
19-Dec-2018 14:31:07.242 信息 [main] org.apache.catalina.core.StandardEngine.startInternal Starting Servlet Engine: Apache Tomcat/8.5.24
19-Dec-2018 14:31:07.265 信息 [localhost-startStop-1] org.apache.catalina.startup.HostConfig.deployWAR Deploying web application archive [D:\work\libs\apache-tomcat-8.5.24\webapps\dubbo-admin-2.5.4.war]
19-Dec-2018 14:31:10.636 信息 [localhost-startStop-1] org.apache.jasper.servlet.TldScanner.scanJars At least one JAR was scanned for TLDs yet contained no TLDs. Enable debug logging for this logger for a complete list of JARs that were scanned but no TLDs were found in them. Skipping unneeded JARs during scanning can improve startup time and JSP compilation time.
19-Dec-2018 14:31:20.215 严重 [localhost-startStop-1] org.apache.catalina.core.StandardContext.startInternal One or more listeners failed to start. Full details will be found in the appropriate container log file
19-Dec-2018 14:31:20.219 严重 [localhost-startStop-1] org.apache.catalina.core.StandardContext.startInternal Context [/dubbo-admin-2.5.4] startup failed due to previous errors
19-Dec-2018 14:31:20.228 信息 [localhost-startStop-1] org.apache.catalina.startup.HostConfig.deployWAR Deployment of web application archive [D:\work\libs\apache-tomcat-8.5.24\webapps\dubbo-admin-2.5.4.war] has finished in [12,964] ms
19-Dec-2018 14:31:20.229 信息 [localhost-startStop-1] org.apache.catalina.startup.HostConfig.deployDirectory Deploying web application directory [D:\work\libs\apache-tomcat-8.5.24\webapps\bos]
19-Dec-2018 14:31:20.602 信息 [Finalizer] org.apache.catalina.loader.WebappClassLoaderBase.checkStateForResourceLoading Illegal access: this web application instance has been stopped already. Could not load [com.alibaba.dubbo.common.utils.NetUtils]. The following stack trace is thrown for debugging purposes as well as to attempt to terminate the thread which caused the illegal access.
 java.lang.IllegalStateException: Illegal access: this web application instance has been stopped already. Could not load [com.alibaba.dubbo.common.utils.NetUtils]. The following stack trace is thrown for debugging purposes as well as to attempt to terminate the thread which caused the illegal access.
	at org.apache.catalina.loader.WebappClassLoaderBase.checkStateForResourceLoading(WebappClassLoaderBase.java:1311)
	at org.apache.catalina.loader.WebappClassLoaderBase.checkStateForClassLoading(WebappClassLoaderBase.java:1299)
	at org.apache.catalina.loader.WebappClassLoaderBase.loadClass(WebappClassLoaderBase.java:1158)
	at org.apache.catalina.loader.WebappClassLoaderBase.loadClass(WebappClassLoaderBase.java:1119)
	at com.alibaba.dubbo.common.logger.support.FailsafeLogger.appendContextMessage(FailsafeLogger.java:39)
	at com.alibaba.dubbo.common.logger.support.FailsafeLogger.warn(FailsafeLogger.java:107)
	at com.alibaba.dubbo.config.ReferenceConfig$1.finalize(ReferenceConfig.java:106)
	at java.lang.System$2.invokeFinalize(System.java:1270)
	at java.lang.ref.Finalizer.runFinalizer(Finalizer.java:98)
	at java.lang.ref.Finalizer.access$100(Finalizer.java:34)
	at java.lang.ref.Finalizer$FinalizerThread.run(Finalizer.java:213)

19-Dec-2018 14:31:21.227 信息 [localhost-startStop-1] org.apache.catalina.startup.HostConfig.deployDirectory Deployment of web application directory [D:\work\libs\apache-tomcat-8.5.24\webapps\bos] has finished in [998] ms
19-Dec-2018 14:31:21.227 信息 [localhost-startStop-1] org.apache.catalina.startup.HostConfig.deployDirectory Deploying web application directory [D:\work\libs\apache-tomcat-8.5.24\webapps\docs]
19-Dec-2018 14:31:21.246 信息 [localhost-startStop-1] org.apache.catalina.startup.HostConfig.deployDirectory Deployment of web application directory [D:\work\libs\apache-tomcat-8.5.24\webapps\docs] has finished in [19] ms
19-Dec-2018 14:31:21.246 信息 [localhost-startStop-1] org.apache.catalina.startup.HostConfig.deployDirectory Deploying web application directory [D:\work\libs\apache-tomcat-8.5.24\webapps\examples]
19-Dec-2018 14:31:21.475 信息 [localhost-startStop-1] org.apache.catalina.startup.HostConfig.deployDirectory Deployment of web application directory [D:\work\libs\apache-tomcat-8.5.24\webapps\examples] has finished in [228] ms
19-Dec-2018 14:31:21.475 信息 [localhost-startStop-1] org.apache.catalina.startup.HostConfig.deployDirectory Deploying web application directory [D:\work\libs\apache-tomcat-8.5.24\webapps\host-manager]
19-Dec-2018 14:31:21.504 信息 [localhost-startStop-1] org.apache.catalina.startup.HostConfig.deployDirectory Deployment of web application directory [D:\work\libs\apache-tomcat-8.5.24\webapps\host-manager] has finished in [29] ms
19-Dec-2018 14:31:21.504 信息 [localhost-startStop-1] org.apache.catalina.startup.HostConfig.deployDirectory Deploying web application directory [D:\work\libs\apache-tomcat-8.5.24\webapps\manager]
19-Dec-2018 14:31:21.523 信息 [localhost-startStop-1] org.apache.catalina.startup.HostConfig.deployDirectory Deployment of web application directory [D:\work\libs\apache-tomcat-8.5.24\webapps\manager] has finished in [19] ms
19-Dec-2018 14:31:21.523 信息 [localhost-startStop-1] org.apache.catalina.startup.HostConfig.deployDirectory Deploying web application directory [D:\work\libs\apache-tomcat-8.5.24\webapps\ROOT]
19-Dec-2018 14:31:21.545 信息 [localhost-startStop-1] org.apache.catalina.startup.HostConfig.deployDirectory Deployment of web application directory [D:\work\libs\apache-tomcat-8.5.24\webapps\ROOT] has finished in [22] ms
19-Dec-2018 14:31:21.554 信息 [main] org.apache.coyote.AbstractProtocol.start Starting ProtocolHandler ["http-nio-8080"]
19-Dec-2018 14:31:21.568 信息 [main] org.apache.coyote.AbstractProtocol.start Starting ProtocolHandler ["ajp-nio-8009"]
19-Dec-2018 14:31:21.577 信息 [main] org.apache.catalina.startup.Catalina.start Server startup in 14357 ms
19-Dec-2018 17:54:21.098 信息 [main] org.apache.catalina.startup.VersionLoggerListener.log Server version:        Apache Tomcat/8.5.24
19-Dec-2018 17:54:21.102 信息 [main] org.apache.catalina.startup.VersionLoggerListener.log Server built:          Nov 27 2017 13:05:30 UTC
19-Dec-2018 17:54:21.103 信息 [main] org.apache.catalina.startup.VersionLoggerListener.log Server number:         8.5.24.0
19-Dec-2018 17:54:21.103 信息 [main] org.apache.catalina.startup.VersionLoggerListener.log OS Name:               Windows 10
19-Dec-2018 17:54:21.104 信息 [main] org.apache.catalina.startup.VersionLoggerListener.log OS Version:            10.0
19-Dec-2018 17:54:21.104 信息 [main] org.apache.catalina.startup.VersionLoggerListener.log Architecture:          amd64
19-Dec-2018 17:54:21.104 信息 [main] org.apache.catalina.startup.VersionLoggerListener.log Java Home:             C:\Program Files\Java\jdk1.8.0_162\jre
19-Dec-2018 17:54:21.104 信息 [main] org.apache.catalina.startup.VersionLoggerListener.log JVM Version:           1.8.0_162-b12
19-Dec-2018 17:54:21.104 信息 [main] org.apache.catalina.startup.VersionLoggerListener.log JVM Vendor:            Oracle Corporation
19-Dec-2018 17:54:21.108 信息 [main] org.apache.catalina.startup.VersionLoggerListener.log CATALINA_BASE:         D:\work\libs\apache-tomcat-8.5.24
19-Dec-2018 17:54:21.109 信息 [main] org.apache.catalina.startup.VersionLoggerListener.log CATALINA_HOME:         D:\work\libs\apache-tomcat-8.5.24
19-Dec-2018 17:54:21.109 信息 [main] org.apache.catalina.startup.VersionLoggerListener.log Command line argument: -Djava.util.logging.config.file=D:\work\libs\apache-tomcat-8.5.24\conf\logging.properties
19-Dec-2018 17:54:21.109 信息 [main] org.apache.catalina.startup.VersionLoggerListener.log Command line argument: -Djava.util.logging.manager=org.apache.juli.ClassLoaderLogManager
19-Dec-2018 17:54:21.109 信息 [main] org.apache.catalina.startup.VersionLoggerListener.log Command line argument: -Djdk.tls.ephemeralDHKeySize=2048
19-Dec-2018 17:54:21.109 信息 [main] org.apache.catalina.startup.VersionLoggerListener.log Command line argument: -Djava.protocol.handler.pkgs=org.apache.catalina.webresources
19-Dec-2018 17:54:21.109 信息 [main] org.apache.catalina.startup.VersionLoggerListener.log Command line argument: -Dignore.endorsed.dirs=
19-Dec-2018 17:54:21.110 信息 [main] org.apache.catalina.startup.VersionLoggerListener.log Command line argument: -Dcatalina.base=D:\work\libs\apache-tomcat-8.5.24
19-Dec-2018 17:54:21.110 信息 [main] org.apache.catalina.startup.VersionLoggerListener.log Command line argument: -Dcatalina.home=D:\work\libs\apache-tomcat-8.5.24
19-Dec-2018 17:54:21.111 信息 [main] org.apache.catalina.startup.VersionLoggerListener.log Command line argument: -Djava.io.tmpdir=D:\work\libs\apache-tomcat-8.5.24\temp
19-Dec-2018 17:54:21.112 信息 [main] org.apache.catalina.core.AprLifecycleListener.lifecycleEvent Loaded APR based Apache Tomcat Native library [1.2.16] using APR version [1.6.3].
19-Dec-2018 17:54:21.116 信息 [main] org.apache.catalina.core.AprLifecycleListener.lifecycleEvent APR capabilities: IPv6 [true], sendfile [true], accept filters [false], random [true].
19-Dec-2018 17:54:21.119 信息 [main] org.apache.catalina.core.AprLifecycleListener.lifecycleEvent APR/OpenSSL configuration: useAprConnector [false], useOpenSSL [true]
19-Dec-2018 17:54:21.833 信息 [main] org.apache.catalina.core.AprLifecycleListener.initializeSSL OpenSSL successfully initialized [OpenSSL 1.0.2m  2 Nov 2017]
19-Dec-2018 17:54:21.956 信息 [main] org.apache.coyote.AbstractProtocol.init Initializing ProtocolHandler ["http-nio-8080"]
19-Dec-2018 17:54:22.266 信息 [main] org.apache.tomcat.util.net.NioSelectorPool.getSharedSelector Using a shared selector for servlet write/read
19-Dec-2018 17:54:22.277 信息 [main] org.apache.coyote.AbstractProtocol.init Initializing ProtocolHandler ["ajp-nio-8009"]
19-Dec-2018 17:54:22.281 信息 [main] org.apache.tomcat.util.net.NioSelectorPool.getSharedSelector Using a shared selector for servlet write/read
19-Dec-2018 17:54:22.282 信息 [main] org.apache.catalina.startup.Catalina.load Initialization processed in 1540 ms
19-Dec-2018 17:54:22.306 信息 [main] org.apache.catalina.core.StandardService.startInternal Starting service [Catalina]
19-Dec-2018 17:54:22.306 信息 [main] org.apache.catalina.core.StandardEngine.startInternal Starting Servlet Engine: Apache Tomcat/8.5.24
19-Dec-2018 17:54:22.327 信息 [localhost-startStop-1] org.apache.catalina.startup.HostConfig.deployWAR Deploying web application archive [D:\work\libs\apache-tomcat-8.5.24\webapps\dubbo-admin-2.5.4.war]
19-Dec-2018 17:54:28.382 信息 [localhost-startStop-1] org.apache.jasper.servlet.TldScanner.scanJars At least one JAR was scanned for TLDs yet contained no TLDs. Enable debug logging for this logger for a complete list of JARs that were scanned but no TLDs were found in them. Skipping unneeded JARs during scanning can improve startup time and JSP compilation time.
19-Dec-2018 17:54:38.250 严重 [localhost-startStop-1] org.apache.catalina.core.StandardContext.startInternal One or more listeners failed to start. Full details will be found in the appropriate container log file
19-Dec-2018 17:54:38.251 严重 [localhost-startStop-1] org.apache.catalina.core.StandardContext.startInternal Context [/dubbo-admin-2.5.4] startup failed due to previous errors
19-Dec-2018 17:54:38.264 信息 [localhost-startStop-1] org.apache.catalina.startup.HostConfig.deployWAR Deployment of web application archive [D:\work\libs\apache-tomcat-8.5.24\webapps\dubbo-admin-2.5.4.war] has finished in [15,937] ms
19-Dec-2018 17:54:38.265 信息 [localhost-startStop-1] org.apache.catalina.startup.HostConfig.deployDirectory Deploying web application directory [D:\work\libs\apache-tomcat-8.5.24\webapps\bos]
19-Dec-2018 17:54:38.560 信息 [Finalizer] org.apache.catalina.loader.WebappClassLoaderBase.checkStateForResourceLoading Illegal access: this web application instance has been stopped already. Could not load [com.alibaba.dubbo.common.utils.NetUtils]. The following stack trace is thrown for debugging purposes as well as to attempt to terminate the thread which caused the illegal access.
 java.lang.IllegalStateException: Illegal access: this web application instance has been stopped already. Could not load [com.alibaba.dubbo.common.utils.NetUtils]. The following stack trace is thrown for debugging purposes as well as to attempt to terminate the thread which caused the illegal access.
	at org.apache.catalina.loader.WebappClassLoaderBase.checkStateForResourceLoading(WebappClassLoaderBase.java:1311)
	at org.apache.catalina.loader.WebappClassLoaderBase.checkStateForClassLoading(WebappClassLoaderBase.java:1299)
	at org.apache.catalina.loader.WebappClassLoaderBase.loadClass(WebappClassLoaderBase.java:1158)
	at org.apache.catalina.loader.WebappClassLoaderBase.loadClass(WebappClassLoaderBase.java:1119)
	at com.alibaba.dubbo.common.logger.support.FailsafeLogger.appendContextMessage(FailsafeLogger.java:39)
	at com.alibaba.dubbo.common.logger.support.FailsafeLogger.warn(FailsafeLogger.java:107)
	at com.alibaba.dubbo.config.ReferenceConfig$1.finalize(ReferenceConfig.java:106)
	at java.lang.System$2.invokeFinalize(System.java:1270)
	at java.lang.ref.Finalizer.runFinalizer(Finalizer.java:98)
	at java.lang.ref.Finalizer.access$100(Finalizer.java:34)
	at java.lang.ref.Finalizer$FinalizerThread.run(Finalizer.java:213)

19-Dec-2018 17:54:39.380 信息 [localhost-startStop-1] org.apache.catalina.startup.HostConfig.deployDirectory Deployment of web application directory [D:\work\libs\apache-tomcat-8.5.24\webapps\bos] has finished in [1,115] ms
19-Dec-2018 17:54:39.380 信息 [localhost-startStop-1] org.apache.catalina.startup.HostConfig.deployDirectory Deploying web application directory [D:\work\libs\apache-tomcat-8.5.24\webapps\docs]
19-Dec-2018 17:54:39.403 信息 [localhost-startStop-1] org.apache.catalina.startup.HostConfig.deployDirectory Deployment of web application directory [D:\work\libs\apache-tomcat-8.5.24\webapps\docs] has finished in [23] ms
19-Dec-2018 17:54:39.403 信息 [localhost-startStop-1] org.apache.catalina.startup.HostConfig.deployDirectory Deploying web application directory [D:\work\libs\apache-tomcat-8.5.24\webapps\examples]
19-Dec-2018 17:54:39.627 信息 [localhost-startStop-1] org.apache.catalina.startup.HostConfig.deployDirectory Deployment of web application directory [D:\work\libs\apache-tomcat-8.5.24\webapps\examples] has finished in [224] ms
19-Dec-2018 17:54:39.627 信息 [localhost-startStop-1] org.apache.catalina.startup.HostConfig.deployDirectory Deploying web application directory [D:\work\libs\apache-tomcat-8.5.24\webapps\host-manager]
19-Dec-2018 17:54:39.657 信息 [localhost-startStop-1] org.apache.catalina.startup.HostConfig.deployDirectory Deployment of web application directory [D:\work\libs\apache-tomcat-8.5.24\webapps\host-manager] has finished in [30] ms
19-Dec-2018 17:54:39.657 信息 [localhost-startStop-1] org.apache.catalina.startup.HostConfig.deployDirectory Deploying web application directory [D:\work\libs\apache-tomcat-8.5.24\webapps\manager]
19-Dec-2018 17:54:39.683 信息 [localhost-startStop-1] org.apache.catalina.startup.HostConfig.deployDirectory Deployment of web application directory [D:\work\libs\apache-tomcat-8.5.24\webapps\manager] has finished in [26] ms
19-Dec-2018 17:54:39.683 信息 [localhost-startStop-1] org.apache.catalina.startup.HostConfig.deployDirectory Deploying web application directory [D:\work\libs\apache-tomcat-8.5.24\webapps\ROOT]
19-Dec-2018 17:54:39.700 信息 [localhost-startStop-1] org.apache.catalina.startup.HostConfig.deployDirectory Deployment of web application directory [D:\work\libs\apache-tomcat-8.5.24\webapps\ROOT] has finished in [17] ms
19-Dec-2018 17:54:39.707 信息 [main] org.apache.coyote.AbstractProtocol.start Starting ProtocolHandler ["http-nio-8080"]
19-Dec-2018 17:54:39.722 信息 [main] org.apache.coyote.AbstractProtocol.start Starting ProtocolHandler ["ajp-nio-8009"]
19-Dec-2018 17:54:39.729 信息 [main] org.apache.catalina.startup.Catalina.start Server startup in 17446 ms
19-Dec-2018 18:14:39.382 信息 [main] org.apache.catalina.startup.VersionLoggerListener.log Server version:        Apache Tomcat/8.5.24
19-Dec-2018 18:14:39.386 信息 [main] org.apache.catalina.startup.VersionLoggerListener.log Server built:          Nov 27 2017 13:05:30 UTC
19-Dec-2018 18:14:39.386 信息 [main] org.apache.catalina.startup.VersionLoggerListener.log Server number:         8.5.24.0
19-Dec-2018 18:14:39.387 信息 [main] org.apache.catalina.startup.VersionLoggerListener.log OS Name:               Windows 10
19-Dec-2018 18:14:39.387 信息 [main] org.apache.catalina.startup.VersionLoggerListener.log OS Version:            10.0
19-Dec-2018 18:14:39.387 信息 [main] org.apache.catalina.startup.VersionLoggerListener.log Architecture:          amd64
19-Dec-2018 18:14:39.387 信息 [main] org.apache.catalina.startup.VersionLoggerListener.log Java Home:             C:\Program Files\Java\jdk1.8.0_162\jre
19-Dec-2018 18:14:39.387 信息 [main] org.apache.catalina.startup.VersionLoggerListener.log JVM Version:           1.8.0_162-b12
19-Dec-2018 18:14:39.387 信息 [main] org.apache.catalina.startup.VersionLoggerListener.log JVM Vendor:            Oracle Corporation
19-Dec-2018 18:14:39.392 信息 [main] org.apache.catalina.startup.VersionLoggerListener.log CATALINA_BASE:         D:\work\libs\apache-tomcat-8.5.24
19-Dec-2018 18:14:39.392 信息 [main] org.apache.catalina.startup.VersionLoggerListener.log CATALINA_HOME:         D:\work\libs\apache-tomcat-8.5.24
19-Dec-2018 18:14:39.392 信息 [main] org.apache.catalina.startup.VersionLoggerListener.log Command line argument: -Djava.util.logging.config.file=D:\work\libs\apache-tomcat-8.5.24\conf\logging.properties
19-Dec-2018 18:14:39.392 信息 [main] org.apache.catalina.startup.VersionLoggerListener.log Command line argument: -Djava.util.logging.manager=org.apache.juli.ClassLoaderLogManager
19-Dec-2018 18:14:39.393 信息 [main] org.apache.catalina.startup.VersionLoggerListener.log Command line argument: -Djdk.tls.ephemeralDHKeySize=2048
19-Dec-2018 18:14:39.393 信息 [main] org.apache.catalina.startup.VersionLoggerListener.log Command line argument: -Djava.protocol.handler.pkgs=org.apache.catalina.webresources
19-Dec-2018 18:14:39.393 信息 [main] org.apache.catalina.startup.VersionLoggerListener.log Command line argument: -Dignore.endorsed.dirs=
19-Dec-2018 18:14:39.394 信息 [main] org.apache.catalina.startup.VersionLoggerListener.log Command line argument: -Dcatalina.base=D:\work\libs\apache-tomcat-8.5.24
19-Dec-2018 18:14:39.395 信息 [main] org.apache.catalina.startup.VersionLoggerListener.log Command line argument: -Dcatalina.home=D:\work\libs\apache-tomcat-8.5.24
19-Dec-2018 18:14:39.401 信息 [main] org.apache.catalina.startup.VersionLoggerListener.log Command line argument: -Djava.io.tmpdir=D:\work\libs\apache-tomcat-8.5.24\temp
19-Dec-2018 18:14:39.402 信息 [main] org.apache.catalina.core.AprLifecycleListener.lifecycleEvent Loaded APR based Apache Tomcat Native library [1.2.16] using APR version [1.6.3].
19-Dec-2018 18:14:39.402 信息 [main] org.apache.catalina.core.AprLifecycleListener.lifecycleEvent APR capabilities: IPv6 [true], sendfile [true], accept filters [false], random [true].
19-Dec-2018 18:14:39.403 信息 [main] org.apache.catalina.core.AprLifecycleListener.lifecycleEvent APR/OpenSSL configuration: useAprConnector [false], useOpenSSL [true]
19-Dec-2018 18:14:40.097 信息 [main] org.apache.catalina.core.AprLifecycleListener.initializeSSL OpenSSL successfully initialized [OpenSSL 1.0.2m  2 Nov 2017]
19-Dec-2018 18:14:40.228 信息 [main] org.apache.coyote.AbstractProtocol.init Initializing ProtocolHandler ["http-nio-8080"]
19-Dec-2018 18:14:40.550 信息 [main] org.apache.tomcat.util.net.NioSelectorPool.getSharedSelector Using a shared selector for servlet write/read
19-Dec-2018 18:14:40.561 信息 [main] org.apache.coyote.AbstractProtocol.init Initializing ProtocolHandler ["ajp-nio-8009"]
19-Dec-2018 18:14:40.565 信息 [main] org.apache.tomcat.util.net.NioSelectorPool.getSharedSelector Using a shared selector for servlet write/read
19-Dec-2018 18:14:40.566 信息 [main] org.apache.catalina.startup.Catalina.load Initialization processed in 1531 ms
19-Dec-2018 18:14:40.590 信息 [main] org.apache.catalina.core.StandardService.startInternal Starting service [Catalina]
19-Dec-2018 18:14:40.590 信息 [main] org.apache.catalina.core.StandardEngine.startInternal Starting Servlet Engine: Apache Tomcat/8.5.24
19-Dec-2018 18:14:40.601 信息 [localhost-startStop-1] org.apache.catalina.startup.HostConfig.deployDirectory Deploying web application directory [D:\work\libs\apache-tomcat-8.5.24\webapps\docs]
19-Dec-2018 18:14:40.842 信息 [localhost-startStop-1] org.apache.catalina.startup.HostConfig.deployDirectory Deployment of web application directory [D:\work\libs\apache-tomcat-8.5.24\webapps\docs] has finished in [240] ms
19-Dec-2018 18:14:40.842 信息 [localhost-startStop-1] org.apache.catalina.startup.HostConfig.deployDirectory Deploying web application directory [D:\work\libs\apache-tomcat-8.5.24\webapps\examples]
19-Dec-2018 18:14:41.155 信息 [localhost-startStop-1] org.apache.catalina.startup.HostConfig.deployDirectory Deployment of web application directory [D:\work\libs\apache-tomcat-8.5.24\webapps\examples] has finished in [313] ms
19-Dec-2018 18:14:41.155 信息 [localhost-startStop-1] org.apache.catalina.startup.HostConfig.deployDirectory Deploying web application directory [D:\work\libs\apache-tomcat-8.5.24\webapps\host-manager]
19-Dec-2018 18:14:41.183 信息 [localhost-startStop-1] org.apache.catalina.startup.HostConfig.deployDirectory Deployment of web application directory [D:\work\libs\apache-tomcat-8.5.24\webapps\host-manager] has finished in [28] ms
19-Dec-2018 18:14:41.183 信息 [localhost-startStop-1] org.apache.catalina.startup.HostConfig.deployDirectory Deploying web application directory [D:\work\libs\apache-tomcat-8.5.24\webapps\manager]
19-Dec-2018 18:14:41.212 信息 [localhost-startStop-1] org.apache.catalina.startup.HostConfig.deployDirectory Deployment of web application directory [D:\work\libs\apache-tomcat-8.5.24\webapps\manager] has finished in [29] ms
19-Dec-2018 18:14:41.212 信息 [localhost-startStop-1] org.apache.catalina.startup.HostConfig.deployDirectory Deploying web application directory [D:\work\libs\apache-tomcat-8.5.24\webapps\ROOT]
19-Dec-2018 18:14:41.238 信息 [localhost-startStop-1] org.apache.catalina.startup.HostConfig.deployDirectory Deployment of web application directory [D:\work\libs\apache-tomcat-8.5.24\webapps\ROOT] has finished in [26] ms
19-Dec-2018 18:14:41.241 信息 [main] org.apache.coyote.AbstractProtocol.start Starting ProtocolHandler ["http-nio-8080"]
19-Dec-2018 18:14:41.254 信息 [main] org.apache.coyote.AbstractProtocol.start Starting ProtocolHandler ["ajp-nio-8009"]
19-Dec-2018 18:14:41.262 信息 [main] org.apache.catalina.startup.Catalina.start Server startup in 694 ms
19-Dec-2018 18:15:30.061 信息 [main] org.apache.catalina.startup.VersionLoggerListener.log Server version:        Apache Tomcat/8.5.24
19-Dec-2018 18:15:30.065 信息 [main] org.apache.catalina.startup.VersionLoggerListener.log Server built:          Nov 27 2017 13:05:30 UTC
19-Dec-2018 18:15:30.065 信息 [main] org.apache.catalina.startup.VersionLoggerListener.log Server number:         8.5.24.0
19-Dec-2018 18:15:30.065 信息 [main] org.apache.catalina.startup.VersionLoggerListener.log OS Name:               Windows 10
19-Dec-2018 18:15:30.065 信息 [main] org.apache.catalina.startup.VersionLoggerListener.log OS Version:            10.0
19-Dec-2018 18:15:30.066 信息 [main] org.apache.catalina.startup.VersionLoggerListener.log Architecture:          amd64
19-Dec-2018 18:15:30.066 信息 [main] org.apache.catalina.startup.VersionLoggerListener.log Java Home:             C:\Program Files\Java\jdk1.8.0_162\jre
19-Dec-2018 18:15:30.066 信息 [main] org.apache.catalina.startup.VersionLoggerListener.log JVM Version:           1.8.0_162-b12
19-Dec-2018 18:15:30.066 信息 [main] org.apache.catalina.startup.VersionLoggerListener.log JVM Vendor:            Oracle Corporation
19-Dec-2018 18:15:30.071 信息 [main] org.apache.catalina.startup.VersionLoggerListener.log CATALINA_BASE:         D:\work\libs\apache-tomcat-8.5.24
19-Dec-2018 18:15:30.071 信息 [main] org.apache.catalina.startup.VersionLoggerListener.log CATALINA_HOME:         D:\work\libs\apache-tomcat-8.5.24
19-Dec-2018 18:15:30.071 信息 [main] org.apache.catalina.startup.VersionLoggerListener.log Command line argument: -Djava.util.logging.config.file=D:\work\libs\apache-tomcat-8.5.24\conf\logging.properties
19-Dec-2018 18:15:30.072 信息 [main] org.apache.catalina.startup.VersionLoggerListener.log Command line argument: -Djava.util.logging.manager=org.apache.juli.ClassLoaderLogManager
19-Dec-2018 18:15:30.072 信息 [main] org.apache.catalina.startup.VersionLoggerListener.log Command line argument: -Djdk.tls.ephemeralDHKeySize=2048
19-Dec-2018 18:15:30.072 信息 [main] org.apache.catalina.startup.VersionLoggerListener.log Command line argument: -Djava.protocol.handler.pkgs=org.apache.catalina.webresources
19-Dec-2018 18:15:30.072 信息 [main] org.apache.catalina.startup.VersionLoggerListener.log Command line argument: -Dignore.endorsed.dirs=
19-Dec-2018 18:15:30.072 信息 [main] org.apache.catalina.startup.VersionLoggerListener.log Command line argument: -Dcatalina.base=D:\work\libs\apache-tomcat-8.5.24
19-Dec-2018 18:15:30.073 信息 [main] org.apache.catalina.startup.VersionLoggerListener.log Command line argument: -Dcatalina.home=D:\work\libs\apache-tomcat-8.5.24
19-Dec-2018 18:15:30.076 信息 [main] org.apache.catalina.startup.VersionLoggerListener.log Command line argument: -Djava.io.tmpdir=D:\work\libs\apache-tomcat-8.5.24\temp
19-Dec-2018 18:15:30.079 信息 [main] org.apache.catalina.core.AprLifecycleListener.lifecycleEvent Loaded APR based Apache Tomcat Native library [1.2.16] using APR version [1.6.3].
19-Dec-2018 18:15:30.079 信息 [main] org.apache.catalina.core.AprLifecycleListener.lifecycleEvent APR capabilities: IPv6 [true], sendfile [true], accept filters [false], random [true].
19-Dec-2018 18:15:30.080 信息 [main] org.apache.catalina.core.AprLifecycleListener.lifecycleEvent APR/OpenSSL configuration: useAprConnector [false], useOpenSSL [true]
19-Dec-2018 18:15:30.794 信息 [main] org.apache.catalina.core.AprLifecycleListener.initializeSSL OpenSSL successfully initialized [OpenSSL 1.0.2m  2 Nov 2017]
19-Dec-2018 18:15:30.918 信息 [main] org.apache.coyote.AbstractProtocol.init Initializing ProtocolHandler ["http-nio-8080"]
19-Dec-2018 18:15:31.237 信息 [main] org.apache.tomcat.util.net.NioSelectorPool.getSharedSelector Using a shared selector for servlet write/read
19-Dec-2018 18:15:31.243 信息 [main] org.apache.coyote.AbstractProtocol.init Initializing ProtocolHandler ["ajp-nio-8009"]
19-Dec-2018 18:15:31.247 信息 [main] org.apache.tomcat.util.net.NioSelectorPool.getSharedSelector Using a shared selector for servlet write/read
19-Dec-2018 18:15:31.248 信息 [main] org.apache.catalina.startup.Catalina.load Initialization processed in 1548 ms
19-Dec-2018 18:15:31.271 信息 [main] org.apache.catalina.core.StandardService.startInternal Starting service [Catalina]
19-Dec-2018 18:15:31.271 信息 [main] org.apache.catalina.core.StandardEngine.startInternal Starting Servlet Engine: Apache Tomcat/8.5.24
19-Dec-2018 18:15:31.293 信息 [localhost-startStop-1] org.apache.catalina.startup.HostConfig.deployWAR Deploying web application archive [D:\work\libs\apache-tomcat-8.5.24\webapps\dubbo-admin-2.6.0.war]
19-Dec-2018 18:15:37.450 信息 [localhost-startStop-1] org.apache.jasper.servlet.TldScanner.scanJars At least one JAR was scanned for TLDs yet contained no TLDs. Enable debug logging for this logger for a complete list of JARs that were scanned but no TLDs were found in them. Skipping unneeded JARs during scanning can improve startup time and JSP compilation time.
19-Dec-2018 18:15:51.131 信息 [localhost-startStop-1] org.apache.catalina.startup.HostConfig.deployWAR Deployment of web application archive [D:\work\libs\apache-tomcat-8.5.24\webapps\dubbo-admin-2.6.0.war] has finished in [19,837] ms
19-Dec-2018 18:15:51.131 信息 [localhost-startStop-1] org.apache.catalina.startup.HostConfig.deployDirectory Deploying web application directory [D:\work\libs\apache-tomcat-8.5.24\webapps\docs]
19-Dec-2018 18:15:51.151 信息 [localhost-startStop-1] org.apache.catalina.startup.HostConfig.deployDirectory Deployment of web application directory [D:\work\libs\apache-tomcat-8.5.24\webapps\docs] has finished in [20] ms
19-Dec-2018 18:15:51.151 信息 [localhost-startStop-1] org.apache.catalina.startup.HostConfig.deployDirectory Deploying web application directory [D:\work\libs\apache-tomcat-8.5.24\webapps\examples]
19-Dec-2018 18:15:51.388 信息 [localhost-startStop-1] org.apache.catalina.startup.HostConfig.deployDirectory Deployment of web application directory [D:\work\libs\apache-tomcat-8.5.24\webapps\examples] has finished in [237] ms
19-Dec-2018 18:15:51.388 信息 [localhost-startStop-1] org.apache.catalina.startup.HostConfig.deployDirectory Deploying web application directory [D:\work\libs\apache-tomcat-8.5.24\webapps\host-manager]
19-Dec-2018 18:15:51.413 信息 [localhost-startStop-1] org.apache.catalina.startup.HostConfig.deployDirectory Deployment of web application directory [D:\work\libs\apache-tomcat-8.5.24\webapps\host-manager] has finished in [24] ms
19-Dec-2018 18:15:51.413 信息 [localhost-startStop-1] org.apache.catalina.startup.HostConfig.deployDirectory Deploying web application directory [D:\work\libs\apache-tomcat-8.5.24\webapps\manager]
19-Dec-2018 18:15:51.443 信息 [localhost-startStop-1] org.apache.catalina.startup.HostConfig.deployDirectory Deployment of web application directory [D:\work\libs\apache-tomcat-8.5.24\webapps\manager] has finished in [30] ms
19-Dec-2018 18:15:51.443 信息 [localhost-startStop-1] org.apache.catalina.startup.HostConfig.deployDirectory Deploying web application directory [D:\work\libs\apache-tomcat-8.5.24\webapps\ROOT]
19-Dec-2018 18:15:51.463 信息 [localhost-startStop-1] org.apache.catalina.startup.HostConfig.deployDirectory Deployment of web application directory [D:\work\libs\apache-tomcat-8.5.24\webapps\ROOT] has finished in [20] ms
19-Dec-2018 18:15:51.473 信息 [main] org.apache.coyote.AbstractProtocol.start Starting ProtocolHandler ["http-nio-8080"]
19-Dec-2018 18:15:51.485 信息 [main] org.apache.coyote.AbstractProtocol.start Starting ProtocolHandler ["ajp-nio-8009"]
19-Dec-2018 18:15:51.493 信息 [main] org.apache.catalina.startup.Catalina.start Server startup in 20244 ms
19-Dec-2018 22:15:09.440 信息 [http-nio-8080-exec-7] org.apache.tomcat.util.http.parser.Cookie.logInvalidHeader A cookie header was received [.\.\.\.\.\.com.itheima.dubbo.api.HelloService..../dubbo-admin-2.6.0/governance/services/com.itheima.dubbo.api.HelloService/providers"; tmp0=eNpdUE1PwkAQDQjSaIx69WSIJ4NNvxYoN1poNMFiRC9edLc7hdVtt%2B62IBp%2Fjv%2FTBeLFOcxMZt689zLXh0klJeTlowIZWleJyEzMGcEEm7QiRJgS5kyVcm3qVSZyk4oMs9zc4H%2BMSuccZ2AUWKmVkLQhBYdWIgGXQrYgx4QDbWwgBxQKLMtMazVBU%2FBmsRA5tLRaifnbPhcJ5nCiCZcsgTvJlozDHOqMGqIAueE7%2FmuGlEpQqpExpU7%2FX6g9RtXOAlAjE5SlDOheLlYv2p0orXOwbcchqUt96NvE6aWp33M9l3SdtNd1U1S7jx%2B20FhH%2FXNRu9Q1ej97xUtsViXj5lBKvFYX2zLR79ki4qPZeDa7mcbPt9PReGLFX4wO2oGNoijoDl0%2FCpDteFboBCMrQP1wjDzbCtudpBzYyEOO7aE%2B8ly%2Fg5PdwOn7lu%2F6Xif7GFjfT783uIzM] that contained an invalid cookie. That cookie will be ignored.Note: further occurrences of this error will be logged at DEBUG level.
