15-Mar-2019 10:43:03.187 信息 [main] org.apache.catalina.startup.VersionLoggerListener.log Server version:        Apache Tomcat/8.5.24
15-Mar-2019 10:43:03.191 信息 [main] org.apache.catalina.startup.VersionLoggerListener.log Server built:          Nov 27 2017 13:05:30 UTC
15-Mar-2019 10:43:03.191 信息 [main] org.apache.catalina.startup.VersionLoggerListener.log Server number:         8.5.24.0
15-Mar-2019 10:43:03.195 信息 [main] org.apache.catalina.startup.VersionLoggerListener.log OS Name:               Windows 10
15-Mar-2019 10:43:03.195 信息 [main] org.apache.catalina.startup.VersionLoggerListener.log OS Version:            10.0
15-Mar-2019 10:43:03.195 信息 [main] org.apache.catalina.startup.VersionLoggerListener.log Architecture:          amd64
15-Mar-2019 10:43:03.195 信息 [main] org.apache.catalina.startup.VersionLoggerListener.log Java Home:             C:\Program Files\Java\jdk1.8.0_162\jre
15-Mar-2019 10:43:03.195 信息 [main] org.apache.catalina.startup.VersionLoggerListener.log JVM Version:           1.8.0_162-b12
15-Mar-2019 10:43:03.195 信息 [main] org.apache.catalina.startup.VersionLoggerListener.log JVM Vendor:            Oracle Corporation
15-Mar-2019 10:43:03.195 信息 [main] org.apache.catalina.startup.VersionLoggerListener.log CATALINA_BASE:         D:\work\libs\apache-tomcat-8.5.24
15-Mar-2019 10:43:03.195 信息 [main] org.apache.catalina.startup.VersionLoggerListener.log CATALINA_HOME:         D:\work\libs\apache-tomcat-8.5.24
15-Mar-2019 10:43:03.195 信息 [main] org.apache.catalina.startup.VersionLoggerListener.log Command line argument: -Djava.util.logging.config.file=D:\work\libs\apache-tomcat-8.5.24\conf\logging.properties
15-Mar-2019 10:43:03.195 信息 [main] org.apache.catalina.startup.VersionLoggerListener.log Command line argument: -Djava.util.logging.manager=org.apache.juli.ClassLoaderLogManager
15-Mar-2019 10:43:03.195 信息 [main] org.apache.catalina.startup.VersionLoggerListener.log Command line argument: -Djdk.tls.ephemeralDHKeySize=2048
15-Mar-2019 10:43:03.195 信息 [main] org.apache.catalina.startup.VersionLoggerListener.log Command line argument: -Djava.protocol.handler.pkgs=org.apache.catalina.webresources
15-Mar-2019 10:43:03.195 信息 [main] org.apache.catalina.startup.VersionLoggerListener.log Command line argument: -Dignore.endorsed.dirs=
15-Mar-2019 10:43:03.195 信息 [main] org.apache.catalina.startup.VersionLoggerListener.log Command line argument: -Dcatalina.base=D:\work\libs\apache-tomcat-8.5.24
15-Mar-2019 10:43:03.199 信息 [main] org.apache.catalina.startup.VersionLoggerListener.log Command line argument: -Dcatalina.home=D:\work\libs\apache-tomcat-8.5.24
15-Mar-2019 10:43:03.199 信息 [main] org.apache.catalina.startup.VersionLoggerListener.log Command line argument: -Djava.io.tmpdir=D:\work\libs\apache-tomcat-8.5.24\temp
15-Mar-2019 10:43:03.199 信息 [main] org.apache.catalina.core.AprLifecycleListener.lifecycleEvent Loaded APR based Apache Tomcat Native library [1.2.16] using APR version [1.6.3].
15-Mar-2019 10:43:03.199 信息 [main] org.apache.catalina.core.AprLifecycleListener.lifecycleEvent APR capabilities: IPv6 [true], sendfile [true], accept filters [false], random [true].
15-Mar-2019 10:43:03.199 信息 [main] org.apache.catalina.core.AprLifecycleListener.lifecycleEvent APR/OpenSSL configuration: useAprConnector [false], useOpenSSL [true]
15-Mar-2019 10:43:04.042 信息 [main] org.apache.catalina.core.AprLifecycleListener.initializeSSL OpenSSL successfully initialized [OpenSSL 1.0.2m  2 Nov 2017]
15-Mar-2019 10:43:04.210 信息 [main] org.apache.coyote.AbstractProtocol.init Initializing ProtocolHandler ["http-nio-8080"]
15-Mar-2019 10:43:04.566 信息 [main] org.apache.tomcat.util.net.NioSelectorPool.getSharedSelector Using a shared selector for servlet write/read
15-Mar-2019 10:43:04.573 信息 [main] org.apache.catalina.startup.Catalina.load Initialization processed in 1768 ms
15-Mar-2019 10:43:04.597 信息 [main] org.apache.catalina.core.StandardService.startInternal Starting service [Catalina]
15-Mar-2019 10:43:04.601 信息 [main] org.apache.catalina.core.StandardEngine.startInternal Starting Servlet Engine: Apache Tomcat/8.5.24
15-Mar-2019 10:43:04.624 信息 [localhost-startStop-1] org.apache.catalina.startup.HostConfig.deployWAR Deploying web application archive [D:\work\libs\apache-tomcat-8.5.24\webapps\dubbo-admin-2.6.0.war]
15-Mar-2019 10:43:07.901 信息 [localhost-startStop-1] org.apache.jasper.servlet.TldScanner.scanJars At least one JAR was scanned for TLDs yet contained no TLDs. Enable debug logging for this logger for a complete list of JARs that were scanned but no TLDs were found in them. Skipping unneeded JARs during scanning can improve startup time and JSP compilation time.
15-Mar-2019 10:43:40.675 信息 [localhost-startStop-1] org.apache.catalina.startup.HostConfig.deployWAR Deployment of web application archive [D:\work\libs\apache-tomcat-8.5.24\webapps\dubbo-admin-2.6.0.war] has finished in [36,051] ms
15-Mar-2019 10:43:40.675 信息 [main] org.apache.coyote.AbstractProtocol.start Starting ProtocolHandler ["http-nio-8080"]
15-Mar-2019 10:43:40.691 信息 [main] org.apache.catalina.startup.Catalina.start Server startup in 36123 ms
15-Mar-2019 11:18:45.838 信息 [http-nio-8080-exec-1] org.apache.tomcat.util.http.parser.Cookie.logInvalidHeader A cookie header was received [.\.\.\.\.\.com.itheima.dubbo.api.HelloService..../dubbo-admin-2.6.0/governance/applications/dubbodemo-provider/services/com.itheima.dubbo.api.HelloService/providers"; tmp0=eNpdUEtPwkAQDi8hGqNePRniydCmD%2FriRngqCEpBEy%2B67U5hddvF3RZE48%2Fxf7qgXpzDzGTmm%2B%2F7Mv2DMOMcknQmgLc0JWSxiigJUIBUnAUBUznMiUj5RpWrmCUqZjEiibrFf1UymRMUQ2WJhFgzjoucUSiHHFDKeBkSFFDAxS1kH8MS8TSWWiWQFLS0XLAEylItRfRlj7IQUTiWhCsSwg0nK0JhDnmCK2wJfMt39Nc0MeYgRDEmQpz8vxAFgsWPBcCVmGESEcCFhK2fpDuWameg64YRRCb2wNUDw4kizzHrZmAbkWObkZWbjKY76EhG%2Fn2Ru5C1%2B3r6jFZIzVJC1SbnaCPOd2Uo37NDjA79ju9fjkeP1%2BN2Z6jdfxDcqPrtdr85btUVx%2FLN3mBia4OuP2tbLXvSvTMUc3w77HnTK0Wr1sK0oVuWYeuO63qmZddQ%2BDvwXM%2Bqu3otfmtonw%2FfhguQOw%3D%3D] that contained an invalid cookie. That cookie will be ignored.Note: further occurrences of this error will be logged at DEBUG level.
