17-Apr-2019 08:52:52.492 信息 [main] org.apache.catalina.startup.VersionLoggerListener.log Server version:        Apache Tomcat/8.5.24
17-Apr-2019 08:52:52.499 信息 [main] org.apache.catalina.startup.VersionLoggerListener.log Server built:          Nov 27 2017 13:05:30 UTC
17-Apr-2019 08:52:52.500 信息 [main] org.apache.catalina.startup.VersionLoggerListener.log Server number:         8.5.24.0
17-Apr-2019 08:52:52.501 信息 [main] org.apache.catalina.startup.VersionLoggerListener.log OS Name:               Windows 10
17-Apr-2019 08:52:52.501 信息 [main] org.apache.catalina.startup.VersionLoggerListener.log OS Version:            10.0
17-Apr-2019 08:52:52.501 信息 [main] org.apache.catalina.startup.VersionLoggerListener.log Architecture:          amd64
17-Apr-2019 08:52:52.501 信息 [main] org.apache.catalina.startup.VersionLoggerListener.log Java Home:             C:\Program Files\Java\jdk1.8.0_162\jre
17-Apr-2019 08:52:52.501 信息 [main] org.apache.catalina.startup.VersionLoggerListener.log JVM Version:           1.8.0_162-b12
17-Apr-2019 08:52:52.502 信息 [main] org.apache.catalina.startup.VersionLoggerListener.log JVM Vendor:            Oracle Corporation
17-Apr-2019 08:52:52.502 信息 [main] org.apache.catalina.startup.VersionLoggerListener.log CATALINA_BASE:         D:\work\libs\apache-tomcat-8.5.24
17-Apr-2019 08:52:52.502 信息 [main] org.apache.catalina.startup.VersionLoggerListener.log CATALINA_HOME:         D:\work\libs\apache-tomcat-8.5.24
17-Apr-2019 08:52:52.502 信息 [main] org.apache.catalina.startup.VersionLoggerListener.log Command line argument: -Djava.util.logging.config.file=D:\work\libs\apache-tomcat-8.5.24\conf\logging.properties
17-Apr-2019 08:52:52.502 信息 [main] org.apache.catalina.startup.VersionLoggerListener.log Command line argument: -Djava.util.logging.manager=org.apache.juli.ClassLoaderLogManager
17-Apr-2019 08:52:52.503 信息 [main] org.apache.catalina.startup.VersionLoggerListener.log Command line argument: -Djdk.tls.ephemeralDHKeySize=2048
17-Apr-2019 08:52:52.503 信息 [main] org.apache.catalina.startup.VersionLoggerListener.log Command line argument: -Djava.protocol.handler.pkgs=org.apache.catalina.webresources
17-Apr-2019 08:52:52.503 信息 [main] org.apache.catalina.startup.VersionLoggerListener.log Command line argument: -Dignore.endorsed.dirs=
17-Apr-2019 08:52:52.503 信息 [main] org.apache.catalina.startup.VersionLoggerListener.log Command line argument: -Dcatalina.base=D:\work\libs\apache-tomcat-8.5.24
17-Apr-2019 08:52:52.507 信息 [main] org.apache.catalina.startup.VersionLoggerListener.log Command line argument: -Dcatalina.home=D:\work\libs\apache-tomcat-8.5.24
17-Apr-2019 08:52:52.507 信息 [main] org.apache.catalina.startup.VersionLoggerListener.log Command line argument: -Djava.io.tmpdir=D:\work\libs\apache-tomcat-8.5.24\temp
17-Apr-2019 08:52:52.508 信息 [main] org.apache.catalina.core.AprLifecycleListener.lifecycleEvent Loaded APR based Apache Tomcat Native library [1.2.16] using APR version [1.6.3].
17-Apr-2019 08:52:52.509 信息 [main] org.apache.catalina.core.AprLifecycleListener.lifecycleEvent APR capabilities: IPv6 [true], sendfile [true], accept filters [false], random [true].
17-Apr-2019 08:52:52.509 信息 [main] org.apache.catalina.core.AprLifecycleListener.lifecycleEvent APR/OpenSSL configuration: useAprConnector [false], useOpenSSL [true]
17-Apr-2019 08:52:53.365 信息 [main] org.apache.catalina.core.AprLifecycleListener.initializeSSL OpenSSL successfully initialized [OpenSSL 1.0.2m  2 Nov 2017]
17-Apr-2019 08:52:53.570 信息 [main] org.apache.coyote.AbstractProtocol.init Initializing ProtocolHandler ["http-nio-8080"]
17-Apr-2019 08:52:53.954 信息 [main] org.apache.tomcat.util.net.NioSelectorPool.getSharedSelector Using a shared selector for servlet write/read
17-Apr-2019 08:52:53.962 信息 [main] org.apache.catalina.startup.Catalina.load Initialization processed in 1908 ms
17-Apr-2019 08:52:53.998 信息 [main] org.apache.catalina.core.StandardService.startInternal Starting service [Catalina]
17-Apr-2019 08:52:53.998 信息 [main] org.apache.catalina.core.StandardEngine.startInternal Starting Servlet Engine: Apache Tomcat/8.5.24
17-Apr-2019 08:52:54.026 信息 [localhost-startStop-1] org.apache.catalina.startup.HostConfig.deployWAR Deploying web application archive [D:\work\libs\apache-tomcat-8.5.24\webapps\dubbo-admin-2.6.0.war]
17-Apr-2019 08:52:57.878 信息 [localhost-startStop-1] org.apache.jasper.servlet.TldScanner.scanJars At least one JAR was scanned for TLDs yet contained no TLDs. Enable debug logging for this logger for a complete list of JARs that were scanned but no TLDs were found in them. Skipping unneeded JARs during scanning can improve startup time and JSP compilation time.
17-Apr-2019 08:53:21.116 信息 [localhost-startStop-1] org.apache.catalina.startup.HostConfig.deployWAR Deployment of web application archive [D:\work\libs\apache-tomcat-8.5.24\webapps\dubbo-admin-2.6.0.war] has finished in [27,090] ms
17-Apr-2019 08:53:21.120 信息 [main] org.apache.coyote.AbstractProtocol.start Starting ProtocolHandler ["http-nio-8080"]
17-Apr-2019 08:53:21.132 信息 [main] org.apache.catalina.startup.Catalina.start Server startup in 27170 ms
