05-May-2019 17:31:27.727 信息 [main] org.apache.catalina.startup.VersionLoggerListener.log Server version:        Apache Tomcat/8.5.24
05-May-2019 17:31:27.727 信息 [main] org.apache.catalina.startup.VersionLoggerListener.log Server built:          Nov 27 2017 13:05:30 UTC
05-May-2019 17:31:27.727 信息 [main] org.apache.catalina.startup.VersionLoggerListener.log Server number:         8.5.24.0
05-May-2019 17:31:27.727 信息 [main] org.apache.catalina.startup.VersionLoggerListener.log OS Name:               Windows 10
05-May-2019 17:31:27.727 信息 [main] org.apache.catalina.startup.VersionLoggerListener.log OS Version:            10.0
05-May-2019 17:31:27.727 信息 [main] org.apache.catalina.startup.VersionLoggerListener.log Architecture:          amd64
05-May-2019 17:31:27.727 信息 [main] org.apache.catalina.startup.VersionLoggerListener.log Java Home:             C:\Program Files\Java\jdk1.8.0_162\jre
05-May-2019 17:31:27.727 信息 [main] org.apache.catalina.startup.VersionLoggerListener.log JVM Version:           1.8.0_162-b12
05-May-2019 17:31:27.727 信息 [main] org.apache.catalina.startup.VersionLoggerListener.log JVM Vendor:            Oracle Corporation
05-May-2019 17:31:27.727 信息 [main] org.apache.catalina.startup.VersionLoggerListener.log CATALINA_BASE:         D:\heima344\Apache Dubbo\资源\apache-tomcat-8.5.24
05-May-2019 17:31:27.727 信息 [main] org.apache.catalina.startup.VersionLoggerListener.log CATALINA_HOME:         D:\heima344\Apache Dubbo\资源\apache-tomcat-8.5.24
05-May-2019 17:31:27.727 信息 [main] org.apache.catalina.startup.VersionLoggerListener.log Command line argument: -Djava.util.logging.config.file=D:\heima344\Apache Dubbo\资源\apache-tomcat-8.5.24\conf\logging.properties
05-May-2019 17:31:27.727 信息 [main] org.apache.catalina.startup.VersionLoggerListener.log Command line argument: -Djava.util.logging.manager=org.apache.juli.ClassLoaderLogManager
05-May-2019 17:31:27.727 信息 [main] org.apache.catalina.startup.VersionLoggerListener.log Command line argument: -Djdk.tls.ephemeralDHKeySize=2048
05-May-2019 17:31:27.727 信息 [main] org.apache.catalina.startup.VersionLoggerListener.log Command line argument: -Djava.protocol.handler.pkgs=org.apache.catalina.webresources
05-May-2019 17:31:27.727 信息 [main] org.apache.catalina.startup.VersionLoggerListener.log Command line argument: -Dignore.endorsed.dirs=
05-May-2019 17:31:27.727 信息 [main] org.apache.catalina.startup.VersionLoggerListener.log Command line argument: -Dcatalina.base=D:\heima344\Apache Dubbo\资源\apache-tomcat-8.5.24
05-May-2019 17:31:27.727 信息 [main] org.apache.catalina.startup.VersionLoggerListener.log Command line argument: -Dcatalina.home=D:\heima344\Apache Dubbo\资源\apache-tomcat-8.5.24
05-May-2019 17:31:27.727 信息 [main] org.apache.catalina.startup.VersionLoggerListener.log Command line argument: -Djava.io.tmpdir=D:\heima344\Apache Dubbo\资源\apache-tomcat-8.5.24\temp
05-May-2019 17:31:27.727 信息 [main] org.apache.catalina.core.AprLifecycleListener.lifecycleEvent Loaded APR based Apache Tomcat Native library [1.2.16] using APR version [1.6.3].
05-May-2019 17:31:27.727 信息 [main] org.apache.catalina.core.AprLifecycleListener.lifecycleEvent APR capabilities: IPv6 [true], sendfile [true], accept filters [false], random [true].
05-May-2019 17:31:27.727 信息 [main] org.apache.catalina.core.AprLifecycleListener.lifecycleEvent APR/OpenSSL configuration: useAprConnector [false], useOpenSSL [true]
05-May-2019 17:31:28.508 信息 [main] org.apache.catalina.core.AprLifecycleListener.initializeSSL OpenSSL successfully initialized [OpenSSL 1.0.2m  2 Nov 2017]
05-May-2019 17:31:28.633 信息 [main] org.apache.coyote.AbstractProtocol.init Initializing ProtocolHandler ["http-nio-8080"]
05-May-2019 17:31:29.023 信息 [main] org.apache.tomcat.util.net.NioSelectorPool.getSharedSelector Using a shared selector for servlet write/read
05-May-2019 17:31:29.023 信息 [main] org.apache.catalina.startup.Catalina.load Initialization processed in 1638 ms
05-May-2019 17:31:29.039 信息 [main] org.apache.catalina.core.StandardService.startInternal Starting service [Catalina]
05-May-2019 17:31:29.039 信息 [main] org.apache.catalina.core.StandardEngine.startInternal Starting Servlet Engine: Apache Tomcat/8.5.24
05-May-2019 17:31:29.070 信息 [localhost-startStop-1] org.apache.catalina.startup.HostConfig.deployWAR Deploying web application archive [D:\heima344\Apache Dubbo\资源\apache-tomcat-8.5.24\webapps\dubbo-admin-2.6.0.war]
05-May-2019 17:31:34.616 信息 [localhost-startStop-1] org.apache.jasper.servlet.TldScanner.scanJars At least one JAR was scanned for TLDs yet contained no TLDs. Enable debug logging for this logger for a complete list of JARs that were scanned but no TLDs were found in them. Skipping unneeded JARs during scanning can improve startup time and JSP compilation time.
05-May-2019 17:32:27.107 信息 [main] org.apache.catalina.startup.VersionLoggerListener.log Server version:        Apache Tomcat/8.5.24
05-May-2019 17:32:27.107 信息 [main] org.apache.catalina.startup.VersionLoggerListener.log Server built:          Nov 27 2017 13:05:30 UTC
05-May-2019 17:32:27.107 信息 [main] org.apache.catalina.startup.VersionLoggerListener.log Server number:         8.5.24.0
05-May-2019 17:32:27.107 信息 [main] org.apache.catalina.startup.VersionLoggerListener.log OS Name:               Windows 10
05-May-2019 17:32:27.107 信息 [main] org.apache.catalina.startup.VersionLoggerListener.log OS Version:            10.0
05-May-2019 17:32:27.107 信息 [main] org.apache.catalina.startup.VersionLoggerListener.log Architecture:          amd64
05-May-2019 17:32:27.107 信息 [main] org.apache.catalina.startup.VersionLoggerListener.log Java Home:             C:\Program Files\Java\jdk1.8.0_162\jre
05-May-2019 17:32:27.107 信息 [main] org.apache.catalina.startup.VersionLoggerListener.log JVM Version:           1.8.0_162-b12
05-May-2019 17:32:27.107 信息 [main] org.apache.catalina.startup.VersionLoggerListener.log JVM Vendor:            Oracle Corporation
05-May-2019 17:32:27.107 信息 [main] org.apache.catalina.startup.VersionLoggerListener.log CATALINA_BASE:         D:\heima344\Apache Dubbo\资源\apache-tomcat-8.5.24
05-May-2019 17:32:27.107 信息 [main] org.apache.catalina.startup.VersionLoggerListener.log CATALINA_HOME:         D:\heima344\Apache Dubbo\资源\apache-tomcat-8.5.24
05-May-2019 17:32:27.107 信息 [main] org.apache.catalina.startup.VersionLoggerListener.log Command line argument: -Djava.util.logging.config.file=D:\heima344\Apache Dubbo\资源\apache-tomcat-8.5.24\conf\logging.properties
05-May-2019 17:32:27.107 信息 [main] org.apache.catalina.startup.VersionLoggerListener.log Command line argument: -Djava.util.logging.manager=org.apache.juli.ClassLoaderLogManager
05-May-2019 17:32:27.107 信息 [main] org.apache.catalina.startup.VersionLoggerListener.log Command line argument: -Djdk.tls.ephemeralDHKeySize=2048
05-May-2019 17:32:27.107 信息 [main] org.apache.catalina.startup.VersionLoggerListener.log Command line argument: -Djava.protocol.handler.pkgs=org.apache.catalina.webresources
05-May-2019 17:32:27.107 信息 [main] org.apache.catalina.startup.VersionLoggerListener.log Command line argument: -Dignore.endorsed.dirs=
05-May-2019 17:32:27.107 信息 [main] org.apache.catalina.startup.VersionLoggerListener.log Command line argument: -Dcatalina.base=D:\heima344\Apache Dubbo\资源\apache-tomcat-8.5.24
05-May-2019 17:32:27.123 信息 [main] org.apache.catalina.startup.VersionLoggerListener.log Command line argument: -Dcatalina.home=D:\heima344\Apache Dubbo\资源\apache-tomcat-8.5.24
05-May-2019 17:32:27.123 信息 [main] org.apache.catalina.startup.VersionLoggerListener.log Command line argument: -Djava.io.tmpdir=D:\heima344\Apache Dubbo\资源\apache-tomcat-8.5.24\temp
05-May-2019 17:32:27.123 信息 [main] org.apache.catalina.core.AprLifecycleListener.lifecycleEvent Loaded APR based Apache Tomcat Native library [1.2.16] using APR version [1.6.3].
05-May-2019 17:32:27.123 信息 [main] org.apache.catalina.core.AprLifecycleListener.lifecycleEvent APR capabilities: IPv6 [true], sendfile [true], accept filters [false], random [true].
05-May-2019 17:32:27.123 信息 [main] org.apache.catalina.core.AprLifecycleListener.lifecycleEvent APR/OpenSSL configuration: useAprConnector [false], useOpenSSL [true]
05-May-2019 17:32:27.826 信息 [main] org.apache.catalina.core.AprLifecycleListener.initializeSSL OpenSSL successfully initialized [OpenSSL 1.0.2m  2 Nov 2017]
05-May-2019 17:32:27.935 信息 [main] org.apache.coyote.AbstractProtocol.init Initializing ProtocolHandler ["http-nio-8080"]
05-May-2019 17:32:28.342 信息 [main] org.apache.tomcat.util.net.NioSelectorPool.getSharedSelector Using a shared selector for servlet write/read
05-May-2019 17:32:28.357 信息 [main] org.apache.catalina.startup.Catalina.load Initialization processed in 1598 ms
05-May-2019 17:32:28.373 信息 [main] org.apache.catalina.core.StandardService.startInternal Starting service [Catalina]
05-May-2019 17:32:28.373 信息 [main] org.apache.catalina.core.StandardEngine.startInternal Starting Servlet Engine: Apache Tomcat/8.5.24
05-May-2019 17:32:28.404 信息 [localhost-startStop-1] org.apache.catalina.startup.HostConfig.deployWAR Deploying web application archive [D:\heima344\Apache Dubbo\资源\apache-tomcat-8.5.24\webapps\dubbo-admin-2.6.0.war]
05-May-2019 17:32:31.435 信息 [localhost-startStop-1] org.apache.jasper.servlet.TldScanner.scanJars At least one JAR was scanned for TLDs yet contained no TLDs. Enable debug logging for this logger for a complete list of JARs that were scanned but no TLDs were found in them. Skipping unneeded JARs during scanning can improve startup time and JSP compilation time.
