15-Apr-2019 09:20:45.866 信息 [main] org.apache.catalina.startup.VersionLoggerListener.log Server version:        Apache Tomcat/8.5.24
15-Apr-2019 09:20:45.869 信息 [main] org.apache.catalina.startup.VersionLoggerListener.log Server built:          Nov 27 2017 13:05:30 UTC
15-Apr-2019 09:20:45.870 信息 [main] org.apache.catalina.startup.VersionLoggerListener.log Server number:         8.5.24.0
15-Apr-2019 09:20:45.870 信息 [main] org.apache.catalina.startup.VersionLoggerListener.log OS Name:               Windows 10
15-Apr-2019 09:20:45.870 信息 [main] org.apache.catalina.startup.VersionLoggerListener.log OS Version:            10.0
15-Apr-2019 09:20:45.870 信息 [main] org.apache.catalina.startup.VersionLoggerListener.log Architecture:          amd64
15-Apr-2019 09:20:45.870 信息 [main] org.apache.catalina.startup.VersionLoggerListener.log Java Home:             C:\Program Files\Java\jdk1.8.0_162\jre
15-Apr-2019 09:20:45.871 信息 [main] org.apache.catalina.startup.VersionLoggerListener.log JVM Version:           1.8.0_162-b12
15-Apr-2019 09:20:45.871 信息 [main] org.apache.catalina.startup.VersionLoggerListener.log JVM Vendor:            Oracle Corporation
15-Apr-2019 09:20:45.871 信息 [main] org.apache.catalina.startup.VersionLoggerListener.log CATALINA_BASE:         D:\work\libs\apache-tomcat-8.5.24
15-Apr-2019 09:20:45.871 信息 [main] org.apache.catalina.startup.VersionLoggerListener.log CATALINA_HOME:         D:\work\libs\apache-tomcat-8.5.24
15-Apr-2019 09:20:45.871 信息 [main] org.apache.catalina.startup.VersionLoggerListener.log Command line argument: -Djava.util.logging.config.file=D:\work\libs\apache-tomcat-8.5.24\conf\logging.properties
15-Apr-2019 09:20:45.871 信息 [main] org.apache.catalina.startup.VersionLoggerListener.log Command line argument: -Djava.util.logging.manager=org.apache.juli.ClassLoaderLogManager
15-Apr-2019 09:20:45.871 信息 [main] org.apache.catalina.startup.VersionLoggerListener.log Command line argument: -Djdk.tls.ephemeralDHKeySize=2048
15-Apr-2019 09:20:45.872 信息 [main] org.apache.catalina.startup.VersionLoggerListener.log Command line argument: -Djava.protocol.handler.pkgs=org.apache.catalina.webresources
15-Apr-2019 09:20:45.872 信息 [main] org.apache.catalina.startup.VersionLoggerListener.log Command line argument: -Dignore.endorsed.dirs=
15-Apr-2019 09:20:45.872 信息 [main] org.apache.catalina.startup.VersionLoggerListener.log Command line argument: -Dcatalina.base=D:\work\libs\apache-tomcat-8.5.24
15-Apr-2019 09:20:45.875 信息 [main] org.apache.catalina.startup.VersionLoggerListener.log Command line argument: -Dcatalina.home=D:\work\libs\apache-tomcat-8.5.24
15-Apr-2019 09:20:45.876 信息 [main] org.apache.catalina.startup.VersionLoggerListener.log Command line argument: -Djava.io.tmpdir=D:\work\libs\apache-tomcat-8.5.24\temp
15-Apr-2019 09:20:45.876 信息 [main] org.apache.catalina.core.AprLifecycleListener.lifecycleEvent Loaded APR based Apache Tomcat Native library [1.2.16] using APR version [1.6.3].
15-Apr-2019 09:20:45.877 信息 [main] org.apache.catalina.core.AprLifecycleListener.lifecycleEvent APR capabilities: IPv6 [true], sendfile [true], accept filters [false], random [true].
15-Apr-2019 09:20:45.878 信息 [main] org.apache.catalina.core.AprLifecycleListener.lifecycleEvent APR/OpenSSL configuration: useAprConnector [false], useOpenSSL [true]
15-Apr-2019 09:20:46.639 信息 [main] org.apache.catalina.core.AprLifecycleListener.initializeSSL OpenSSL successfully initialized [OpenSSL 1.0.2m  2 Nov 2017]
15-Apr-2019 09:20:46.771 信息 [main] org.apache.coyote.AbstractProtocol.init Initializing ProtocolHandler ["http-nio-8080"]
15-Apr-2019 09:20:47.132 信息 [main] org.apache.tomcat.util.net.NioSelectorPool.getSharedSelector Using a shared selector for servlet write/read
15-Apr-2019 09:20:47.140 信息 [main] org.apache.catalina.startup.Catalina.load Initialization processed in 1651 ms
15-Apr-2019 09:20:47.165 信息 [main] org.apache.catalina.core.StandardService.startInternal Starting service [Catalina]
15-Apr-2019 09:20:47.165 信息 [main] org.apache.catalina.core.StandardEngine.startInternal Starting Servlet Engine: Apache Tomcat/8.5.24
15-Apr-2019 09:20:47.190 信息 [localhost-startStop-1] org.apache.catalina.startup.HostConfig.deployWAR Deploying web application archive [D:\work\libs\apache-tomcat-8.5.24\webapps\dubbo-admin-2.6.0.war]
15-Apr-2019 09:20:50.517 信息 [localhost-startStop-1] org.apache.jasper.servlet.TldScanner.scanJars At least one JAR was scanned for TLDs yet contained no TLDs. Enable debug logging for this logger for a complete list of JARs that were scanned but no TLDs were found in them. Skipping unneeded JARs during scanning can improve startup time and JSP compilation time.
15-Apr-2019 09:21:17.170 信息 [localhost-startStop-1] org.apache.catalina.startup.HostConfig.deployWAR Deployment of web application archive [D:\work\libs\apache-tomcat-8.5.24\webapps\dubbo-admin-2.6.0.war] has finished in [29,979] ms
15-Apr-2019 09:21:17.191 信息 [main] org.apache.coyote.AbstractProtocol.start Starting ProtocolHandler ["http-nio-8080"]
15-Apr-2019 09:21:17.214 信息 [main] org.apache.catalina.startup.Catalina.start Server startup in 30074 ms
