20-Dec-2018 13:43:00.901 信息 [localhost-startStop-1] org.apache.catalina.core.ApplicationContext.log No Spring WebApplicationInitializer types detected on classpath
20-Dec-2018 13:43:00.962 信息 [localhost-startStop-1] org.apache.catalina.core.ApplicationContext.log Initializing log4j system
20-Dec-2018 13:43:01.096 信息 [localhost-startStop-1] org.apache.catalina.core.ApplicationContext.log Initializing Spring root WebApplicationContext
20-Dec-2018 13:43:10.512 信息 [localhost-startStop-1] org.apache.catalina.core.ApplicationContext.log Initializing Spring sub WebApplicationContext: sysmanage
20-Dec-2018 13:43:11.704 信息 [localhost-startStop-1] org.apache.catalina.core.ApplicationContext.log Initializing Spring sub WebApplicationContext: sysinfo
20-Dec-2018 13:43:12.407 信息 [localhost-startStop-1] org.apache.catalina.core.ApplicationContext.log Initializing Spring sub WebApplicationContext: personal
20-Dec-2018 13:43:13.174 信息 [localhost-startStop-1] org.apache.catalina.core.ApplicationContext.log Initializing Spring sub WebApplicationContext: governance
20-Dec-2018 13:43:13.829 信息 [localhost-startStop-1] org.apache.catalina.core.ApplicationContext.log Initializing Spring sub WebApplicationContext: home
20-Dec-2018 13:43:14.459 信息 [localhost-startStop-1] org.apache.catalina.core.ApplicationContext.log WebxComponents: initialization completed
20-Dec-2018 13:43:14.464 信息 [localhost-startStop-1] org.apache.catalina.core.ApplicationContext.log Initializing filter: webx
20-Dec-2018 13:43:14.473 信息 [localhost-startStop-1] org.apache.catalina.core.ApplicationContext.log WebxFrameworkFilter - webx: initialization completed
20-Dec-2018 13:43:14.474 信息 [localhost-startStop-1] org.apache.catalina.core.ApplicationContext.log Initializing filter: mdc
20-Dec-2018 13:43:14.474 信息 [localhost-startStop-1] org.apache.catalina.core.ApplicationContext.log SetLoggingContextFilter - mdc: initialization completed
20-Dec-2018 13:43:17.359 信息 [localhost-startStop-1] org.apache.catalina.core.ApplicationContext.log No Spring WebApplicationInitializer types detected on classpath
20-Dec-2018 13:43:17.860 信息 [localhost-startStop-1] org.apache.catalina.core.ApplicationContext.log ContextListener: contextInitialized()
20-Dec-2018 13:43:17.860 信息 [localhost-startStop-1] org.apache.catalina.core.ApplicationContext.log SessionListener: contextInitialized()
20-Dec-2018 13:44:42.064 信息 [localhost-startStop-1] org.apache.catalina.core.ApplicationContext.log No Spring WebApplicationInitializer types detected on classpath
20-Dec-2018 13:44:42.126 信息 [localhost-startStop-1] org.apache.catalina.core.ApplicationContext.log Initializing log4j system
20-Dec-2018 13:44:42.252 信息 [localhost-startStop-1] org.apache.catalina.core.ApplicationContext.log Initializing Spring root WebApplicationContext
20-Dec-2018 13:44:51.621 信息 [localhost-startStop-1] org.apache.catalina.core.ApplicationContext.log Initializing Spring sub WebApplicationContext: sysmanage
20-Dec-2018 13:44:52.924 信息 [localhost-startStop-1] org.apache.catalina.core.ApplicationContext.log Initializing Spring sub WebApplicationContext: sysinfo
20-Dec-2018 13:44:53.688 信息 [localhost-startStop-1] org.apache.catalina.core.ApplicationContext.log Initializing Spring sub WebApplicationContext: personal
20-Dec-2018 13:44:54.328 信息 [localhost-startStop-1] org.apache.catalina.core.ApplicationContext.log Initializing Spring sub WebApplicationContext: governance
20-Dec-2018 13:44:54.976 信息 [localhost-startStop-1] org.apache.catalina.core.ApplicationContext.log Initializing Spring sub WebApplicationContext: home
20-Dec-2018 13:44:55.639 信息 [localhost-startStop-1] org.apache.catalina.core.ApplicationContext.log WebxComponents: initialization completed
20-Dec-2018 13:44:55.645 信息 [localhost-startStop-1] org.apache.catalina.core.ApplicationContext.log Initializing filter: webx
20-Dec-2018 13:44:55.654 信息 [localhost-startStop-1] org.apache.catalina.core.ApplicationContext.log WebxFrameworkFilter - webx: initialization completed
20-Dec-2018 13:44:55.655 信息 [localhost-startStop-1] org.apache.catalina.core.ApplicationContext.log Initializing filter: mdc
20-Dec-2018 13:44:55.655 信息 [localhost-startStop-1] org.apache.catalina.core.ApplicationContext.log SetLoggingContextFilter - mdc: initialization completed
20-Dec-2018 13:44:58.453 信息 [localhost-startStop-1] org.apache.catalina.core.ApplicationContext.log No Spring WebApplicationInitializer types detected on classpath
20-Dec-2018 13:44:58.579 信息 [localhost-startStop-1] org.apache.catalina.core.ApplicationContext.log Initializing Spring root WebApplicationContext
20-Dec-2018 13:44:59.906 严重 [localhost-startStop-1] org.apache.catalina.core.StandardContext.listenerStart Exception sending context initialized event to listener instance of class [org.springframework.web.context.ContextLoaderListener]
 org.springframework.beans.factory.BeanCreationException: Error creating bean with name 'userServiceImpl': Autowiring of fields failed; nested exception is org.springframework.beans.factory.BeanCreationException: Could not autowire field: private com.itheima.dao.UserDao com.itheima.service.UserServiceImpl.userDao; nested exception is org.springframework.beans.factory.NoSuchBeanDefinitionException: No unique bean of type [com.itheima.dao.UserDao] is defined: Unsatisfied dependency of type [interface com.itheima.dao.UserDao]: expected at least 1 matching bean
	at org.springframework.beans.factory.annotation.AutowiredAnnotationBeanPostProcessor.postProcessAfterInstantiation(AutowiredAnnotationBeanPostProcessor.java:243)
	at org.springframework.beans.factory.support.AbstractAutowireCapableBeanFactory.populateBean(AbstractAutowireCapableBeanFactory.java:959)
	at org.springframework.beans.factory.support.AbstractAutowireCapableBeanFactory.doCreateBean(AbstractAutowireCapableBeanFactory.java:472)
	at org.springframework.beans.factory.support.AbstractAutowireCapableBeanFactory$1.run(AbstractAutowireCapableBeanFactory.java:409)
	at java.security.AccessController.doPrivileged(Native Method)
	at org.springframework.beans.factory.support.AbstractAutowireCapableBeanFactory.createBean(AbstractAutowireCapableBeanFactory.java:380)
	at org.springframework.beans.factory.support.AbstractBeanFactory$1.getObject(AbstractBeanFactory.java:264)
	at org.springframework.beans.factory.support.DefaultSingletonBeanRegistry.getSingleton(DefaultSingletonBeanRegistry.java:222)
	at org.springframework.beans.factory.support.AbstractBeanFactory.doGetBean(AbstractBeanFactory.java:261)
	at org.springframework.beans.factory.support.AbstractBeanFactory.getBean(AbstractBeanFactory.java:185)
	at org.springframework.beans.factory.support.AbstractBeanFactory.getBean(AbstractBeanFactory.java:164)
	at org.springframework.beans.factory.support.DefaultListableBeanFactory.preInstantiateSingletons(DefaultListableBeanFactory.java:429)
	at org.springframework.context.support.AbstractApplicationContext.finishBeanFactoryInitialization(AbstractApplicationContext.java:728)
	at org.springframework.context.support.AbstractApplicationContext.refresh(AbstractApplicationContext.java:380)
	at org.springframework.web.context.ContextLoader.createWebApplicationContext(ContextLoader.java:255)
	at org.springframework.web.context.ContextLoader.initWebApplicationContext(ContextLoader.java:199)
	at org.springframework.web.context.ContextLoaderListener.contextInitialized(ContextLoaderListener.java:45)
	at org.apache.catalina.core.StandardContext.listenerStart(StandardContext.java:4745)
	at org.apache.catalina.core.StandardContext.startInternal(StandardContext.java:5207)
	at org.apache.catalina.util.LifecycleBase.start(LifecycleBase.java:150)
	at org.apache.catalina.core.ContainerBase.addChildInternal(ContainerBase.java:752)
	at org.apache.catalina.core.ContainerBase.addChild(ContainerBase.java:728)
	at org.apache.catalina.core.StandardHost.addChild(StandardHost.java:734)
	at org.apache.catalina.startup.HostConfig.deployWAR(HostConfig.java:986)
	at org.apache.catalina.startup.HostConfig$DeployWar.run(HostConfig.java:1857)
	at java.util.concurrent.Executors$RunnableAdapter.call(Executors.java:511)
	at java.util.concurrent.FutureTask.run(FutureTask.java:266)
	at java.util.concurrent.ThreadPoolExecutor.runWorker(ThreadPoolExecutor.java:1149)
	at java.util.concurrent.ThreadPoolExecutor$Worker.run(ThreadPoolExecutor.java:624)
	at java.lang.Thread.run(Thread.java:748)
Caused by: org.springframework.beans.factory.BeanCreationException: Could not autowire field: private com.itheima.dao.UserDao com.itheima.service.UserServiceImpl.userDao; nested exception is org.springframework.beans.factory.NoSuchBeanDefinitionException: No unique bean of type [com.itheima.dao.UserDao] is defined: Unsatisfied dependency of type [interface com.itheima.dao.UserDao]: expected at least 1 matching bean
	at org.springframework.beans.factory.annotation.AutowiredAnnotationBeanPostProcessor$AutowiredFieldElement.inject(AutowiredAnnotationBeanPostProcessor.java:435)
	at org.springframework.beans.factory.annotation.InjectionMetadata.injectFields(InjectionMetadata.java:105)
	at org.springframework.beans.factory.annotation.AutowiredAnnotationBeanPostProcessor.postProcessAfterInstantiation(AutowiredAnnotationBeanPostProcessor.java:240)
	... 29 more
Caused by: org.springframework.beans.factory.NoSuchBeanDefinitionException: No unique bean of type [com.itheima.dao.UserDao] is defined: Unsatisfied dependency of type [interface com.itheima.dao.UserDao]: expected at least 1 matching bean
	at org.springframework.beans.factory.support.DefaultListableBeanFactory.resolveDependency(DefaultListableBeanFactory.java:613)
	at org.springframework.beans.factory.annotation.AutowiredAnnotationBeanPostProcessor$AutowiredFieldElement.inject(AutowiredAnnotationBeanPostProcessor.java:412)
	... 31 more

20-Dec-2018 13:44:59.913 信息 [localhost-startStop-1] org.apache.catalina.core.ApplicationContext.log Closing Spring root WebApplicationContext
20-Dec-2018 13:45:00.155 信息 [localhost-startStop-1] org.apache.catalina.core.ApplicationContext.log ContextListener: contextInitialized()
20-Dec-2018 13:45:00.155 信息 [localhost-startStop-1] org.apache.catalina.core.ApplicationContext.log SessionListener: contextInitialized()
20-Dec-2018 13:46:15.235 信息 [localhost-startStop-1] org.apache.catalina.core.ApplicationContext.log No Spring WebApplicationInitializer types detected on classpath
20-Dec-2018 13:46:15.301 信息 [localhost-startStop-1] org.apache.catalina.core.ApplicationContext.log Initializing log4j system
20-Dec-2018 13:46:15.430 信息 [localhost-startStop-1] org.apache.catalina.core.ApplicationContext.log Initializing Spring root WebApplicationContext
20-Dec-2018 13:46:24.818 信息 [localhost-startStop-1] org.apache.catalina.core.ApplicationContext.log Initializing Spring sub WebApplicationContext: sysmanage
20-Dec-2018 13:46:26.028 信息 [localhost-startStop-1] org.apache.catalina.core.ApplicationContext.log Initializing Spring sub WebApplicationContext: sysinfo
20-Dec-2018 13:46:26.731 信息 [localhost-startStop-1] org.apache.catalina.core.ApplicationContext.log Initializing Spring sub WebApplicationContext: personal
20-Dec-2018 13:46:27.464 信息 [localhost-startStop-1] org.apache.catalina.core.ApplicationContext.log Initializing Spring sub WebApplicationContext: governance
20-Dec-2018 13:46:28.114 信息 [localhost-startStop-1] org.apache.catalina.core.ApplicationContext.log Initializing Spring sub WebApplicationContext: home
20-Dec-2018 13:46:28.756 信息 [localhost-startStop-1] org.apache.catalina.core.ApplicationContext.log WebxComponents: initialization completed
20-Dec-2018 13:46:28.760 信息 [localhost-startStop-1] org.apache.catalina.core.ApplicationContext.log Initializing filter: webx
20-Dec-2018 13:46:28.769 信息 [localhost-startStop-1] org.apache.catalina.core.ApplicationContext.log WebxFrameworkFilter - webx: initialization completed
20-Dec-2018 13:46:28.770 信息 [localhost-startStop-1] org.apache.catalina.core.ApplicationContext.log Initializing filter: mdc
20-Dec-2018 13:46:28.771 信息 [localhost-startStop-1] org.apache.catalina.core.ApplicationContext.log SetLoggingContextFilter - mdc: initialization completed
20-Dec-2018 13:46:29.045 信息 [localhost-startStop-1] org.apache.catalina.core.ApplicationContext.log ContextListener: contextInitialized()
20-Dec-2018 13:46:29.045 信息 [localhost-startStop-1] org.apache.catalina.core.ApplicationContext.log SessionListener: contextInitialized()
20-Dec-2018 15:14:26.729 信息 [ContainerBackgroundProcessor[StandardEngine[Catalina]]] org.apache.catalina.core.ApplicationContext.log No Spring WebApplicationInitializer types detected on classpath
20-Dec-2018 15:14:26.870 信息 [ContainerBackgroundProcessor[StandardEngine[Catalina]]] org.apache.catalina.core.ApplicationContext.log Initializing Spring root WebApplicationContext
20-Dec-2018 15:14:28.010 严重 [ContainerBackgroundProcessor[StandardEngine[Catalina]]] org.apache.catalina.core.StandardContext.listenerStart Exception sending context initialized event to listener instance of class [org.springframework.web.context.ContextLoaderListener]
 org.springframework.beans.factory.BeanCreationException: Error creating bean with name 'userServiceImpl': Autowiring of fields failed; nested exception is org.springframework.beans.factory.BeanCreationException: Could not autowire field: private com.itheima.dao.UserDao com.itheima.service.UserServiceImpl.userDao; nested exception is org.springframework.beans.factory.NoSuchBeanDefinitionException: No unique bean of type [com.itheima.dao.UserDao] is defined: Unsatisfied dependency of type [interface com.itheima.dao.UserDao]: expected at least 1 matching bean
	at org.springframework.beans.factory.annotation.AutowiredAnnotationBeanPostProcessor.postProcessAfterInstantiation(AutowiredAnnotationBeanPostProcessor.java:243)
	at org.springframework.beans.factory.support.AbstractAutowireCapableBeanFactory.populateBean(AbstractAutowireCapableBeanFactory.java:959)
	at org.springframework.beans.factory.support.AbstractAutowireCapableBeanFactory.doCreateBean(AbstractAutowireCapableBeanFactory.java:472)
	at org.springframework.beans.factory.support.AbstractAutowireCapableBeanFactory$1.run(AbstractAutowireCapableBeanFactory.java:409)
	at java.security.AccessController.doPrivileged(Native Method)
	at org.springframework.beans.factory.support.AbstractAutowireCapableBeanFactory.createBean(AbstractAutowireCapableBeanFactory.java:380)
	at org.springframework.beans.factory.support.AbstractBeanFactory$1.getObject(AbstractBeanFactory.java:264)
	at org.springframework.beans.factory.support.DefaultSingletonBeanRegistry.getSingleton(DefaultSingletonBeanRegistry.java:222)
	at org.springframework.beans.factory.support.AbstractBeanFactory.doGetBean(AbstractBeanFactory.java:261)
	at org.springframework.beans.factory.support.AbstractBeanFactory.getBean(AbstractBeanFactory.java:185)
	at org.springframework.beans.factory.support.AbstractBeanFactory.getBean(AbstractBeanFactory.java:164)
	at org.springframework.beans.factory.support.DefaultListableBeanFactory.preInstantiateSingletons(DefaultListableBeanFactory.java:429)
	at org.springframework.context.support.AbstractApplicationContext.finishBeanFactoryInitialization(AbstractApplicationContext.java:728)
	at org.springframework.context.support.AbstractApplicationContext.refresh(AbstractApplicationContext.java:380)
	at org.springframework.web.context.ContextLoader.createWebApplicationContext(ContextLoader.java:255)
	at org.springframework.web.context.ContextLoader.initWebApplicationContext(ContextLoader.java:199)
	at org.springframework.web.context.ContextLoaderListener.contextInitialized(ContextLoaderListener.java:45)
	at org.apache.catalina.core.StandardContext.listenerStart(StandardContext.java:4745)
	at org.apache.catalina.core.StandardContext.startInternal(StandardContext.java:5207)
	at org.apache.catalina.util.LifecycleBase.start(LifecycleBase.java:150)
	at org.apache.catalina.core.StandardContext.reload(StandardContext.java:3800)
	at org.apache.catalina.startup.HostConfig.reload(HostConfig.java:1411)
	at org.apache.catalina.startup.HostConfig.checkResources(HostConfig.java:1384)
	at org.apache.catalina.startup.HostConfig.check(HostConfig.java:1620)
	at org.apache.catalina.startup.HostConfig.lifecycleEvent(HostConfig.java:314)
	at org.apache.catalina.util.LifecycleBase.fireLifecycleEvent(LifecycleBase.java:94)
	at org.apache.catalina.core.ContainerBase.backgroundProcess(ContainerBase.java:1164)
	at org.apache.catalina.core.ContainerBase$ContainerBackgroundProcessor.processChildren(ContainerBase.java:1388)
	at org.apache.catalina.core.ContainerBase$ContainerBackgroundProcessor.processChildren(ContainerBase.java:1392)
	at org.apache.catalina.core.ContainerBase$ContainerBackgroundProcessor.run(ContainerBase.java:1360)
	at java.lang.Thread.run(Thread.java:748)
Caused by: org.springframework.beans.factory.BeanCreationException: Could not autowire field: private com.itheima.dao.UserDao com.itheima.service.UserServiceImpl.userDao; nested exception is org.springframework.beans.factory.NoSuchBeanDefinitionException: No unique bean of type [com.itheima.dao.UserDao] is defined: Unsatisfied dependency of type [interface com.itheima.dao.UserDao]: expected at least 1 matching bean
	at org.springframework.beans.factory.annotation.AutowiredAnnotationBeanPostProcessor$AutowiredFieldElement.inject(AutowiredAnnotationBeanPostProcessor.java:435)
	at org.springframework.beans.factory.annotation.InjectionMetadata.injectFields(InjectionMetadata.java:105)
	at org.springframework.beans.factory.annotation.AutowiredAnnotationBeanPostProcessor.postProcessAfterInstantiation(AutowiredAnnotationBeanPostProcessor.java:240)
	... 30 more
Caused by: org.springframework.beans.factory.NoSuchBeanDefinitionException: No unique bean of type [com.itheima.dao.UserDao] is defined: Unsatisfied dependency of type [interface com.itheima.dao.UserDao]: expected at least 1 matching bean
	at org.springframework.beans.factory.support.DefaultListableBeanFactory.resolveDependency(DefaultListableBeanFactory.java:613)
	at org.springframework.beans.factory.annotation.AutowiredAnnotationBeanPostProcessor$AutowiredFieldElement.inject(AutowiredAnnotationBeanPostProcessor.java:412)
	... 32 more

20-Dec-2018 15:14:28.012 信息 [ContainerBackgroundProcessor[StandardEngine[Catalina]]] org.apache.catalina.core.ApplicationContext.log Closing Spring root WebApplicationContext
20-Dec-2018 15:44:37.631 信息 [localhost-startStop-1] org.apache.catalina.core.ApplicationContext.log No Spring WebApplicationInitializer types detected on classpath
20-Dec-2018 15:44:37.695 信息 [localhost-startStop-1] org.apache.catalina.core.ApplicationContext.log Initializing log4j system
20-Dec-2018 15:44:37.826 信息 [localhost-startStop-1] org.apache.catalina.core.ApplicationContext.log Initializing Spring root WebApplicationContext
20-Dec-2018 15:44:47.355 信息 [localhost-startStop-1] org.apache.catalina.core.ApplicationContext.log Initializing Spring sub WebApplicationContext: sysmanage
20-Dec-2018 15:44:48.537 信息 [localhost-startStop-1] org.apache.catalina.core.ApplicationContext.log Initializing Spring sub WebApplicationContext: sysinfo
20-Dec-2018 15:44:49.260 信息 [localhost-startStop-1] org.apache.catalina.core.ApplicationContext.log Initializing Spring sub WebApplicationContext: personal
20-Dec-2018 15:44:49.990 信息 [localhost-startStop-1] org.apache.catalina.core.ApplicationContext.log Initializing Spring sub WebApplicationContext: governance
20-Dec-2018 15:44:50.647 信息 [localhost-startStop-1] org.apache.catalina.core.ApplicationContext.log Initializing Spring sub WebApplicationContext: home
20-Dec-2018 15:44:51.267 信息 [localhost-startStop-1] org.apache.catalina.core.ApplicationContext.log WebxComponents: initialization completed
20-Dec-2018 15:44:51.271 信息 [localhost-startStop-1] org.apache.catalina.core.ApplicationContext.log Initializing filter: webx
20-Dec-2018 15:44:51.281 信息 [localhost-startStop-1] org.apache.catalina.core.ApplicationContext.log WebxFrameworkFilter - webx: initialization completed
20-Dec-2018 15:44:51.282 信息 [localhost-startStop-1] org.apache.catalina.core.ApplicationContext.log Initializing filter: mdc
20-Dec-2018 15:44:51.282 信息 [localhost-startStop-1] org.apache.catalina.core.ApplicationContext.log SetLoggingContextFilter - mdc: initialization completed
20-Dec-2018 15:44:51.563 信息 [localhost-startStop-1] org.apache.catalina.core.ApplicationContext.log ContextListener: contextInitialized()
20-Dec-2018 15:44:51.563 信息 [localhost-startStop-1] org.apache.catalina.core.ApplicationContext.log SessionListener: contextInitialized()
20-Dec-2018 15:44:53.935 信息 [localhost-startStop-1] org.apache.catalina.core.ApplicationContext.log No Spring WebApplicationInitializer types detected on classpath
20-Dec-2018 15:44:54.195 信息 [localhost-startStop-1] org.apache.catalina.core.ApplicationContext.log Initializing Spring root WebApplicationContext
20-Dec-2018 15:44:55.180 严重 [localhost-startStop-1] org.apache.catalina.core.StandardContext.listenerStart Exception sending context initialized event to listener instance of class [org.springframework.web.context.ContextLoaderListener]
 org.springframework.beans.factory.BeanCreationException: Error creating bean with name 'userServiceImpl': Autowiring of fields failed; nested exception is org.springframework.beans.factory.BeanCreationException: Could not autowire field: private com.itheima.dao.UserDao com.itheima.service.UserServiceImpl.userDao; nested exception is org.springframework.beans.factory.NoSuchBeanDefinitionException: No unique bean of type [com.itheima.dao.UserDao] is defined: Unsatisfied dependency of type [interface com.itheima.dao.UserDao]: expected at least 1 matching bean
	at org.springframework.beans.factory.annotation.AutowiredAnnotationBeanPostProcessor.postProcessAfterInstantiation(AutowiredAnnotationBeanPostProcessor.java:243)
	at org.springframework.beans.factory.support.AbstractAutowireCapableBeanFactory.populateBean(AbstractAutowireCapableBeanFactory.java:959)
	at org.springframework.beans.factory.support.AbstractAutowireCapableBeanFactory.doCreateBean(AbstractAutowireCapableBeanFactory.java:472)
	at org.springframework.beans.factory.support.AbstractAutowireCapableBeanFactory$1.run(AbstractAutowireCapableBeanFactory.java:409)
	at java.security.AccessController.doPrivileged(Native Method)
	at org.springframework.beans.factory.support.AbstractAutowireCapableBeanFactory.createBean(AbstractAutowireCapableBeanFactory.java:380)
	at org.springframework.beans.factory.support.AbstractBeanFactory$1.getObject(AbstractBeanFactory.java:264)
	at org.springframework.beans.factory.support.DefaultSingletonBeanRegistry.getSingleton(DefaultSingletonBeanRegistry.java:222)
	at org.springframework.beans.factory.support.AbstractBeanFactory.doGetBean(AbstractBeanFactory.java:261)
	at org.springframework.beans.factory.support.AbstractBeanFactory.getBean(AbstractBeanFactory.java:185)
	at org.springframework.beans.factory.support.AbstractBeanFactory.getBean(AbstractBeanFactory.java:164)
	at org.springframework.beans.factory.support.DefaultListableBeanFactory.preInstantiateSingletons(DefaultListableBeanFactory.java:429)
	at org.springframework.context.support.AbstractApplicationContext.finishBeanFactoryInitialization(AbstractApplicationContext.java:728)
	at org.springframework.context.support.AbstractApplicationContext.refresh(AbstractApplicationContext.java:380)
	at org.springframework.web.context.ContextLoader.createWebApplicationContext(ContextLoader.java:255)
	at org.springframework.web.context.ContextLoader.initWebApplicationContext(ContextLoader.java:199)
	at org.springframework.web.context.ContextLoaderListener.contextInitialized(ContextLoaderListener.java:45)
	at org.apache.catalina.core.StandardContext.listenerStart(StandardContext.java:4745)
	at org.apache.catalina.core.StandardContext.startInternal(StandardContext.java:5207)
	at org.apache.catalina.util.LifecycleBase.start(LifecycleBase.java:150)
	at org.apache.catalina.core.ContainerBase.addChildInternal(ContainerBase.java:752)
	at org.apache.catalina.core.ContainerBase.addChild(ContainerBase.java:728)
	at org.apache.catalina.core.StandardHost.addChild(StandardHost.java:734)
	at org.apache.catalina.startup.HostConfig.deployDirectory(HostConfig.java:1141)
	at org.apache.catalina.startup.HostConfig$DeployDirectory.run(HostConfig.java:1875)
	at java.util.concurrent.Executors$RunnableAdapter.call(Executors.java:511)
	at java.util.concurrent.FutureTask.run(FutureTask.java:266)
	at java.util.concurrent.ThreadPoolExecutor.runWorker(ThreadPoolExecutor.java:1149)
	at java.util.concurrent.ThreadPoolExecutor$Worker.run(ThreadPoolExecutor.java:624)
	at java.lang.Thread.run(Thread.java:748)
Caused by: org.springframework.beans.factory.BeanCreationException: Could not autowire field: private com.itheima.dao.UserDao com.itheima.service.UserServiceImpl.userDao; nested exception is org.springframework.beans.factory.NoSuchBeanDefinitionException: No unique bean of type [com.itheima.dao.UserDao] is defined: Unsatisfied dependency of type [interface com.itheima.dao.UserDao]: expected at least 1 matching bean
	at org.springframework.beans.factory.annotation.AutowiredAnnotationBeanPostProcessor$AutowiredFieldElement.inject(AutowiredAnnotationBeanPostProcessor.java:435)
	at org.springframework.beans.factory.annotation.InjectionMetadata.injectFields(InjectionMetadata.java:105)
	at org.springframework.beans.factory.annotation.AutowiredAnnotationBeanPostProcessor.postProcessAfterInstantiation(AutowiredAnnotationBeanPostProcessor.java:240)
	... 29 more
Caused by: org.springframework.beans.factory.NoSuchBeanDefinitionException: No unique bean of type [com.itheima.dao.UserDao] is defined: Unsatisfied dependency of type [interface com.itheima.dao.UserDao]: expected at least 1 matching bean
	at org.springframework.beans.factory.support.DefaultListableBeanFactory.resolveDependency(DefaultListableBeanFactory.java:613)
	at org.springframework.beans.factory.annotation.AutowiredAnnotationBeanPostProcessor$AutowiredFieldElement.inject(AutowiredAnnotationBeanPostProcessor.java:412)
	... 31 more

20-Dec-2018 15:44:55.184 信息 [localhost-startStop-1] org.apache.catalina.core.ApplicationContext.log Closing Spring root WebApplicationContext
